# Created at 2020-03-30T15:25:20.169
TestSet has not finished before stream error has appeared >> initializing exit by non-null configuration: DEFAULT
java.io.EOFException
	at java.io.DataInputStream.readInt(DataInputStream.java:392)
	at org.apache.maven.surefire.booter.MasterProcessCommand.decode(MasterProcessCommand.java:115)
	at org.apache.maven.surefire.booter.CommandReader$CommandRunnable.run(CommandReader.java:391)
	at java.lang.Thread.run(Thread.java:748)


# Created at 2020-03-30T15:25:30.966
Unexpected IOException: 5,1,Scenario: Shipping cost toggle product detail page and verify if the shipping cost is added correctly,When User clicks on the Anmelden button and enters the username and password(Scenario: Shipping cost toggle product detail page and verify if the shipping cost is added correctly),null,null,null


# Created at 2020-03-30T15:25:30.969
Unexpected IOException: 7,1,Scenario: Shipping cost toggle product detail page and verify if the shipping cost is added correctly,When User clicks on the Anmelden button and enters the username and password(Scenario: Shipping cost toggle product detail page and verify if the shipping cost is added correctly),null,Cannot locate an element using xpath=//div[@id='c24-meinkonto']/span/span/a[.='Anmelden']\000AFor documentation on this error\002C please visit: https://www.seleniumhq.org/exceptions/no_such_element.html\000ABuild info: version: '3.141.59'\002C revision: 'e82be7d358'\002C time: '2018-11-14T08:17:03'\000ASystem info: host: 'MSGN12731'\002C ip: '192.168.178.46'\002C os.name: 'Windows 10'\002C os.arch: 'amd64'\002C os.version: '10.0'\002C java.version: '1.8.0_241'\000ADriver info: driver.version: RemoteWebDriver,null,Cannot locate an element using xpath=//div[@id='c24-meinkonto']/span/span/a[.='Anmelden']\000AFor documentation on this error\002C please visit: https://www.seleniumhq.org/exceptions/no_such_element.html\000ABuild info: version: '3.141.59'\002C revision: 'e82be7d358'\002C time: '2018-11-14T08:17:03'\000ASystem info: host: 'MSGN12731'\002C ip: '192.168.178.46'\002C os.name: 'Windows 10'\002C os.arch: 'amd64'\002C os.version: '10.0'\002C java.version: '1.8.0_241'\000ADriver info: driver.version: RemoteWebDriver,Cannot locate an element using xpath=//div[@id='c24-meinkonto']/span/span/a[.='Anmelden']\000AFor documentation on this error\002C please visit: https://www.seleniumhq.org/exceptions/no_such_element.html\000ABuild info: version: '3.141.59'\002C revision: 'e82be7d358'\002C time: '2018-11-14T08:17:03'\000ASystem info: host: 'MSGN12731'\002C ip: '192.168.178.46'\002C os.name: 'Windows 10'\002C os.arch: 'amd64'\002C os.version: '10.0'\002C java.version: '1.8.0_241'\000ADriver info: driver.version: RemoteWebDriver,org.openqa.selenium.NoSuchElementException: \000ACannot locate an element using xpath=//div[@id='c24-meinkonto']/span/span/a[.='Anmelden']\000AFor documentation on this error\002C please visit: https://www.seleniumhq.org/exceptions/no_such_element.html\000ABuild info: version: '3.141.59'\002C revision: 'e82be7d358'\002C time: '2018-11-14T08:17:03'\000ASystem info: host: 'MSGN12731'\002C ip: '192.168.178.46'\002C os.name: 'Windows 10'\002C os.arch: 'amd64'\002C os.version: '10.0'\002C java.version: '1.8.0_241'\000ADriver info: driver.version: RemoteWebDriver\000A


# Created at 2020-03-30T15:25:30.971
Unexpected IOException: 7,1,Scenario: Shipping cost toggle product detail page and verify if the shipping cost is added correctly,Scenario: Shipping cost toggle product detail page and verify if the shipping cost is added correctly,null,Cannot locate an element using xpath=//div[@id='c24-meinkonto']/span/span/a[.='Anmelden']\000AFor documentation on this error\002C please visit: https://www.seleniumhq.org/exceptions/no_such_element.html\000ABuild info: version: '3.141.59'\002C revision: 'e82be7d358'\002C time: '2018-11-14T08:17:03'\000ASystem info: host: 'MSGN12731'\002C ip: '192.168.178.46'\002C os.name: 'Windows 10'\002C os.arch: 'amd64'\002C os.version: '10.0'\002C java.version: '1.8.0_241'\000ADriver info: driver.version: RemoteWebDriver,null,Cannot locate an element using xpath=//div[@id='c24-meinkonto']/span/span/a[.='Anmelden']\000AFor documentation on this error\002C please visit: https://www.seleniumhq.org/exceptions/no_such_element.html\000ABuild info: version: '3.141.59'\002C revision: 'e82be7d358'\002C time: '2018-11-14T08:17:03'\000ASystem info: host: 'MSGN12731'\002C ip: '192.168.178.46'\002C os.name: 'Windows 10'\002C os.arch: 'amd64'\002C os.version: '10.0'\002C java.version: '1.8.0_241'\000ADriver info: driver.version: RemoteWebDriver,Cannot locate an element using xpath=//div[@id='c24-meinkonto']/span/span/a[.='Anmelden']\000AFor documentation on this error\002C please visit: https://www.seleniumhq.org/exceptions/no_such_element.html\000ABuild info: version: '3.141.59'\002C revision: 'e82be7d358'\002C time: '2018-11-14T08:17:03'\000ASystem info: host: 'MSGN12731'\002C ip: '192.168.178.46'\002C os.name: 'Windows 10'\002C os.arch: 'amd64'\002C os.version: '10.0'\002C java.version: '1.8.0_241'\000ADriver info: driver.version: RemoteWebDriver,org.openqa.selenium.NoSuchElementException: \000ACannot locate an element using xpath=//div[@id='c24-meinkonto']/span/span/a[.='Anmelden']\000AFor documentation on this error\002C please visit: https://www.seleniumhq.org/exceptions/no_such_element.html\000ABuild info: version: '3.141.59'\002C revision: 'e82be7d358'\002C time: '2018-11-14T08:17:03'\000ASystem info: host: 'MSGN12731'\002C ip: '192.168.178.46'\002C os.name: 'Windows 10'\002C os.arch: 'amd64'\002C os.version: '10.0'\002C java.version: '1.8.0_241'\000ADriver info: driver.version: RemoteWebDriver\000A


# Created at 2020-03-30T15:25:30.981
Unexpected IOException: 9,1,Scenario: Shipping cost toggle product detail page and verify if the shipping cost is added correctly,And User clicks on the Anmelden button(Scenario: Shipping cost toggle product detail page and verify if the shipping cost is added correctly),null,null,null


# Created at 2020-03-30T15:25:30.984
Unexpected IOException: 9,1,Scenario: Shipping cost toggle product detail page and verify if the shipping cost is added correctly,Then User is navigated to the account page(Scenario: Shipping cost toggle product detail page and verify if the shipping cost is added correctly),null,null,null


# Created at 2020-03-30T15:25:30.987
Unexpected IOException: 9,1,Scenario: Shipping cost toggle product detail page and verify if the shipping cost is added correctly,When User clicks on the "Warenkorb" link(Scenario: Shipping cost toggle product detail page and verify if the shipping cost is added correctly),null,null,null


# Created at 2020-03-30T15:25:30.990
Unexpected IOException: 9,1,Scenario: Shipping cost toggle product detail page and verify if the shipping cost is added correctly,Then User is navigated to the Shopping cart page(Scenario: Shipping cost toggle product detail page and verify if the shipping cost is added correctly),null,null,null


# Created at 2020-03-30T15:25:30.992
Unexpected IOException: 9,1,Scenario: Shipping cost toggle product detail page and verify if the shipping cost is added correctly,When User clicks on the selected product(Scenario: Shipping cost toggle product detail page and verify if the shipping cost is added correctly),null,null,null


# Created at 2020-03-30T15:25:30.996
Unexpected IOException: 9,1,Scenario: Shipping cost toggle product detail page and verify if the shipping cost is added correctly,Then User is navigated to the product details page(Scenario: Shipping cost toggle product detail page and verify if the shipping cost is added correctly),null,null,null


# Created at 2020-03-30T15:25:31.000
Unexpected IOException: 9,1,Scenario: Shipping cost toggle product detail page and verify if the shipping cost is added correctly,When User toggle off the button(Scenario: Shipping cost toggle product detail page and verify if the shipping cost is added correctly),null,null,null


# Created at 2020-03-30T15:25:31.001
Unexpected IOException: 9,1,Scenario: Shipping cost toggle product detail page and verify if the shipping cost is added correctly,Then User verifies the price displayed and shipping cost(Scenario: Shipping cost toggle product detail page and verify if the shipping cost is added correctly),null,null,null


# Created at 2020-03-30T15:25:31.003
Unexpected IOException: 9,1,Scenario: Shipping cost toggle product detail page and verify if the shipping cost is added correctly,When User toggle on the button(Scenario: Shipping cost toggle product detail page and verify if the shipping cost is added correctly),null,null,null


# Created at 2020-03-30T15:25:31.005
Unexpected IOException: 9,1,Scenario: Shipping cost toggle product detail page and verify if the shipping cost is added correctly,Then User again verifies for the price change and shipping cost added(Scenario: Shipping cost toggle product detail page and verify if the shipping cost is added correctly),null,null,null


# Created at 2020-03-30T15:25:31.008
Unexpected IOException: 9,1,Scenario: Shipping cost toggle product detail page and verify if the shipping cost is added correctly,When User hovers above the "Mein Konto"(Scenario: Shipping cost toggle product detail page and verify if the shipping cost is added correctly),null,null,null


# Created at 2020-03-30T15:25:31.012
Unexpected IOException: 9,1,Scenario: Shipping cost toggle product detail page and verify if the shipping cost is added correctly,And User clicks on the "Abmelden" button(Scenario: Shipping cost toggle product detail page and verify if the shipping cost is added correctly),null,null,null


# Created at 2020-03-30T15:25:31.016
Unexpected IOException: 9,1,Scenario: Shipping cost toggle product detail page and verify if the shipping cost is added correctly,Then User should be successfully logged out(Scenario: Shipping cost toggle product detail page and verify if the shipping cost is added correctly),null,null,null


# Created at 2020-03-30T15:25:31.018
Unexpected IOException with stream: 


# Created at 2020-03-30T15:25:31.018
Unexpected IOException with stream:   Scenario: Shipping cost toggle product detail page and verify if the shipping cost is added correctly # TC3_Toggle.feature:24


# Created at 2020-03-30T15:25:31.019
Unexpected IOException with stream:     Given User is in the check24.de website                                                             # LoginFunctionality.User_is_in_the_check_de_website(int)


# Created at 2020-03-30T15:25:31.020
Unexpected IOException with stream:     When User clicks on the Anmelden button and enters the username and password                        # LoginFunctionality.User_clicks_on_the_Anmelden_button_and_enters_the_username_and_password()


# Created at 2020-03-30T15:25:31.021
Unexpected IOException with stream:       org.openqa.selenium.NoSuchElementException: Cannot locate an element using xpath=//div[@id='c24-meinkonto']/span/span/a[.='Anmelden']
      For documentation on this error, please visit: https://www.seleniumhq.org/exceptions/no_such_element.html
      Build info: version: '3.141.59', revision: 'e82be7d358', time: '2018-11-14T08:17:03'
      System info: host: 'MSGN12731', ip: '192.168.178.46', os.name: 'Windows 10', os.arch: 'amd64', os.version: '10.0', java.version: '1.8.0_241'
      Driver info: driver.version: RemoteWebDriver
      	at org.openqa.selenium.remote.RemoteWebDriver.findElement(RemoteWebDriver.java:327)
      	at org.openqa.selenium.remote.RemoteWebDriver.findElementByXPath(RemoteWebDriver.java:428)
      	at org.openqa.selenium.By$ByXPath.findElement(By.java:353)
      	at org.openqa.selenium.remote.RemoteWebDriver.findElement(RemoteWebDriver.java:315)
      	at stepDefinition.LoginFunctionality.User_clicks_on_the_Anmelden_button_and_enters_the_username_and_password(LoginFunctionality.java:36)
      	at ?.When User clicks on the Anmelden button and enters the username and password(TC3_Toggle.feature:27)



# Created at 2020-03-30T15:25:31.022
Unexpected IOException with stream:     And User clicks on the Anmelden button                                                              # LoginFunctionality.User_clicks_on_the_Anmelden_button()


# Created at 2020-03-30T15:25:31.023
Unexpected IOException with stream:     Then User is navigated to the account page                                                          # LoginFunctionality.User_is_navigated_to_the_account_page()


# Created at 2020-03-30T15:25:31.024
Unexpected IOException with stream:     When User clicks on the "Warenkorb" link                                                            # ShoppingCartVerification.User_clicks_on_the_link(String)


# Created at 2020-03-30T15:25:31.025
Unexpected IOException with stream:     Then User is navigated to the Shopping cart page                                                    # ShoppingCartVerification.User_is_navigated_to_the_Shopping_cart_page()


# Created at 2020-03-30T15:25:31.028
Unexpected IOException with stream:     When User clicks on the selected product                                                            # ToggleSwitch.User_clicks_on_the_selected_product()


# Created at 2020-03-30T15:25:31.030
Unexpected IOException with stream:     Then User is navigated to the product details page                                                  # ToggleSwitch.User_is_navigated_to_the_product_details_page()


# Created at 2020-03-30T15:25:31.032
Unexpected IOException with stream:     When User toggle off the button                                                                     # ToggleSwitch.User_toggle_off_the_button()


# Created at 2020-03-30T15:25:31.033
Unexpected IOException with stream:     Then User verifies the price displayed and shipping cost                                            # ToggleSwitch.User_verifies_the_price_displayed_and_shipping_cost()


# Created at 2020-03-30T15:25:31.034
Unexpected IOException with stream:     When User toggle on the button                                                                      # ToggleSwitch.User_toggle_on_the_button()


# Created at 2020-03-30T15:25:31.035
Unexpected IOException with stream:     Then User again verifies for the price change and shipping cost added                               # ToggleSwitch.User_again_verifies_for_the_price_change_and_shipping_cost_added()


# Created at 2020-03-30T15:25:31.036
Unexpected IOException with stream:     When User hovers above the "Mein Konto"                                                             # LoginFunctionality.User_hovers_above_the(String)


# Created at 2020-03-30T15:25:31.037
Unexpected IOException with stream:     And User clicks on the "Abmelden" button                                                            # LoginFunctionality.User_clicks_on_the_button(String)


# Created at 2020-03-30T15:25:31.037
Unexpected IOException with stream:     Then User should be successfully logged out                                                         # LoginFunctionality.User_should_be_successfully_logged_out()


# Created at 2020-03-30T15:25:31.038
Unexpected IOException with stream: #Author: your.email@your.domain.com


# Created at 2020-03-30T15:25:31.039
Unexpected IOException with stream: #Keywords Summary :


# Created at 2020-03-30T15:25:31.040
Unexpected IOException with stream: #Feature: List of scenarios.


# Created at 2020-03-30T15:25:31.041
Unexpected IOException with stream: #Scenario: Business rule through list of steps with arguments.


# Created at 2020-03-30T15:25:31.041
Unexpected IOException with stream: #Given: Some precondition step


# Created at 2020-03-30T15:25:31.042
Unexpected IOException with stream: #When: Some key actions


# Created at 2020-03-30T15:25:31.043
Unexpected IOException with stream: #Then: To observe outcomes or validation


# Created at 2020-03-30T15:25:31.045
Unexpected IOException with stream: #And,But: To enumerate more Given,When,Then steps


# Created at 2020-03-30T15:25:31.045
Unexpected IOException with stream: #Scenario Outline: List of steps for data-driven as an Examples and <placeholder>


# Created at 2020-03-30T15:25:31.046
Unexpected IOException with stream: #Examples: Container for s table


# Created at 2020-03-30T15:25:31.046
Unexpected IOException with stream: #Background: List of steps run before each of the scenarios


# Created at 2020-03-30T15:25:31.047
Unexpected IOException with stream: #""" (Doc Strings)


# Created at 2020-03-30T15:25:31.048
Unexpected IOException with stream: #| (Data Tables)


# Created at 2020-03-30T15:25:31.048
Unexpected IOException with stream: #@ (Tags/Labels):To group Scenarios


# Created at 2020-03-30T15:25:31.049
Unexpected IOException with stream: #<> (placeholder)


# Created at 2020-03-30T15:25:31.049
Unexpected IOException with stream: #""


# Created at 2020-03-30T15:25:31.050
Unexpected IOException with stream: ## (Comments)


# Created at 2020-03-30T15:25:31.050
Unexpected IOException with stream: #Sample Feature Definition Template


# Created at 2020-03-30T15:25:31.050
Unexpected IOException with stream: Feature: Price verification in watchlist page


# Created at 2020-03-30T15:25:31.056
Unexpected IOException: 5,1,Scenario: Put item to watchlist and verify prices and shipping cost,Scenario: Put item to watchlist and verify prices and shipping cost,null,null,null


# Created at 2020-03-30T15:25:31.080
Unexpected IOException: 5,1,Scenario: Put item to watchlist and verify prices and shipping cost,Given User is on the product details page(Scenario: Put item to watchlist and verify prices and shipping cost),null,null,null


# Created at 2020-03-30T15:25:31.082
Unexpected IOException: 7,1,Scenario: Put item to watchlist and verify prices and shipping cost,Given User is on the product details page(Scenario: Put item to watchlist and verify prices and shipping cost),null,no such window: target window already closed\000Afrom unknown error: web view not found\000A  (Session info: chrome=80.0.3987.132)\000ABuild info: version: '3.141.59'\002C revision: 'e82be7d358'\002C time: '2018-11-14T08:17:03'\000ASystem info: host: 'MSGN12731'\002C ip: '192.168.178.46'\002C os.name: 'Windows 10'\002C os.arch: 'amd64'\002C os.version: '10.0'\002C java.version: '1.8.0_241'\000ADriver info: org.openqa.selenium.chrome.ChromeDriver\000ACapabilities {acceptInsecureCerts: false\002C browserName: chrome\002C browserVersion: 80.0.3987.132\002C chrome: {chromedriverVersion: 80.0.3987.106 (f68069574609...\002C userDataDir: C:\005CUsers\005Cbagaln\005CAppData\005CLoc...}\002C goog:chromeOptions: {debuggerAddress: localhost:61723}\002C javascriptEnabled: true\002C networkConnectionEnabled: false\002C pageLoadStrategy: normal\002C platform: WINDOWS\002C platformName: WINDOWS\002C proxy: Proxy()\002C setWindowRect: true\002C strictFileInteractability: false\002C timeouts: {implicit: 0\002C pageLoad: 300000\002C script: 30000}\002C unhandledPromptBehavior: dismiss and notify}\000ASession ID: 678d1336bb4b9e37782bcedb13205221,null,no such window: target window already closed\000Afrom unknown error: web view not found\000A  (Session info: chrome=80.0.3987.132)\000ABuild info: version: '3.141.59'\002C revision: 'e82be7d358'\002C time: '2018-11-14T08:17:03'\000ASystem info: host: 'MSGN12731'\002C ip: '192.168.178.46'\002C os.name: 'Windows 10'\002C os.arch: 'amd64'\002C os.version: '10.0'\002C java.version: '1.8.0_241'\000ADriver info: org.openqa.selenium.chrome.ChromeDriver\000ACapabilities {acceptInsecureCerts: false\002C browserName: chrome\002C browserVersion: 80.0.3987.132\002C chrome: {chromedriverVersion: 80.0.3987.106 (f68069574609...\002C userDataDir: C:\005CUsers\005Cbagaln\005CAppData\005CLoc...}\002C goog:chromeOptions: {debuggerAddress: localhost:61723}\002C javascriptEnabled: true\002C networkConnectionEnabled: false\002C pageLoadStrategy: normal\002C platform: WINDOWS\002C platformName: WINDOWS\002C proxy: Proxy()\002C setWindowRect: true\002C strictFileInteractability: false\002C timeouts: {implicit: 0\002C pageLoad: 300000\002C script: 30000}\002C unhandledPromptBehavior: dismiss and notify}\000ASession ID: 678d1336bb4b9e37782bcedb13205221,no such window: target window already closed\000Afrom unknown error: web view not found\000A  (Session info: chrome=80.0.3987.132)\000ABuild info: version: '3.141.59'\002C revision: 'e82be7d358'\002C time: '2018-11-14T08:17:03'\000ASystem info: host: 'MSGN12731'\002C ip: '192.168.178.46'\002C os.name: 'Windows 10'\002C os.arch: 'amd64'\002C os.version: '10.0'\002C java.version: '1.8.0_241'\000ADriver info: org.openqa.selenium.chrome.ChromeDriver\000ACapabilities {acceptInsecureCerts: false\002C browserName: chrome\002C browserVersion: 80.0.3987.132\002C chrome: {chromedriverVersion: 80.0.3987.106 (f68069574609...\002C userDataDir: C:\005CUsers\005Cbagaln\005CAppData\005CLoc...}\002C goog:chromeOptions: {debuggerAddress: localhost:61723}\002C javascriptEnabled: true\002C networkConnectionEnabled: false\002C pageLoadStrategy: normal\002C platform: WINDOWS\002C platformName: WINDOWS\002C proxy: Proxy()\002C setWindowRect: true\002C strictFileInteractability: false\002C timeouts: {implicit: 0\002C pageLoad: 300000\002C script: 30000}\002C unhandledPromptBehavior: dismiss and notify}\000ASession ID: 678d1336bb4b9e37782bcedb13205221,org.openqa.selenium.NoSuchWindowException: \000Ano such window: target window already closed\000Afrom unknown error: web view not found\000A  (Session info: chrome=80.0.3987.132)\000ABuild info: version: '3.141.59'\002C revision: 'e82be7d358'\002C time: '2018-11-14T08:17:03'\000ASystem info: host: 'MSGN12731'\002C ip: '192.168.178.46'\002C os.name: 'Windows 10'\002C os.arch: 'amd64'\002C os.version: '10.0'\002C java.version: '1.8.0_241'\000ADriver info: org.openqa.selenium.chrome.ChromeDriver\000ACapabilities {acceptInsecureCerts: false\002C browserName: chrome\002C browserVersion: 80.0.3987.132\002C chrome: {chromedriverVersion: 80.0.3987.106 (f68069574609...\002C userDataDir: C:\005CUsers\005Cbagaln\005CAppData\005CLoc...}\002C goog:chromeOptions: {debuggerAddress: localhost:61723}\002C javascriptEnabled: true\002C networkConnectionEnabled: false\002C pageLoadStrategy: normal\002C platform: WINDOWS\002C platformName: WINDOWS\002C proxy: Proxy()\002C setWindowRect: true\002C strictFileInteractability: false\002C timeouts: {implicit: 0\002C pageLoad: 300000\002C script: 30000}\002C unhandledPromptBehavior: dismiss and notify}\000ASession ID: 678d1336bb4b9e37782bcedb13205221\000A


# Created at 2020-03-30T15:25:31.084
Unexpected IOException: 7,1,Scenario: Put item to watchlist and verify prices and shipping cost,Scenario: Put item to watchlist and verify prices and shipping cost,null,no such window: target window already closed\000Afrom unknown error: web view not found\000A  (Session info: chrome=80.0.3987.132)\000ABuild info: version: '3.141.59'\002C revision: 'e82be7d358'\002C time: '2018-11-14T08:17:03'\000ASystem info: host: 'MSGN12731'\002C ip: '192.168.178.46'\002C os.name: 'Windows 10'\002C os.arch: 'amd64'\002C os.version: '10.0'\002C java.version: '1.8.0_241'\000ADriver info: org.openqa.selenium.chrome.ChromeDriver\000ACapabilities {acceptInsecureCerts: false\002C browserName: chrome\002C browserVersion: 80.0.3987.132\002C chrome: {chromedriverVersion: 80.0.3987.106 (f68069574609...\002C userDataDir: C:\005CUsers\005Cbagaln\005CAppData\005CLoc...}\002C goog:chromeOptions: {debuggerAddress: localhost:61723}\002C javascriptEnabled: true\002C networkConnectionEnabled: false\002C pageLoadStrategy: normal\002C platform: WINDOWS\002C platformName: WINDOWS\002C proxy: Proxy()\002C setWindowRect: true\002C strictFileInteractability: false\002C timeouts: {implicit: 0\002C pageLoad: 300000\002C script: 30000}\002C unhandledPromptBehavior: dismiss and notify}\000ASession ID: 678d1336bb4b9e37782bcedb13205221,null,no such window: target window already closed\000Afrom unknown error: web view not found\000A  (Session info: chrome=80.0.3987.132)\000ABuild info: version: '3.141.59'\002C revision: 'e82be7d358'\002C time: '2018-11-14T08:17:03'\000ASystem info: host: 'MSGN12731'\002C ip: '192.168.178.46'\002C os.name: 'Windows 10'\002C os.arch: 'amd64'\002C os.version: '10.0'\002C java.version: '1.8.0_241'\000ADriver info: org.openqa.selenium.chrome.ChromeDriver\000ACapabilities {acceptInsecureCerts: false\002C browserName: chrome\002C browserVersion: 80.0.3987.132\002C chrome: {chromedriverVersion: 80.0.3987.106 (f68069574609...\002C userDataDir: C:\005CUsers\005Cbagaln\005CAppData\005CLoc...}\002C goog:chromeOptions: {debuggerAddress: localhost:61723}\002C javascriptEnabled: true\002C networkConnectionEnabled: false\002C pageLoadStrategy: normal\002C platform: WINDOWS\002C platformName: WINDOWS\002C proxy: Proxy()\002C setWindowRect: true\002C strictFileInteractability: false\002C timeouts: {implicit: 0\002C pageLoad: 300000\002C script: 30000}\002C unhandledPromptBehavior: dismiss and notify}\000ASession ID: 678d1336bb4b9e37782bcedb13205221,no such window: target window already closed\000Afrom unknown error: web view not found\000A  (Session info: chrome=80.0.3987.132)\000ABuild info: version: '3.141.59'\002C revision: 'e82be7d358'\002C time: '2018-11-14T08:17:03'\000ASystem info: host: 'MSGN12731'\002C ip: '192.168.178.46'\002C os.name: 'Windows 10'\002C os.arch: 'amd64'\002C os.version: '10.0'\002C java.version: '1.8.0_241'\000ADriver info: org.openqa.selenium.chrome.ChromeDriver\000ACapabilities {acceptInsecureCerts: false\002C browserName: chrome\002C browserVersion: 80.0.3987.132\002C chrome: {chromedriverVersion: 80.0.3987.106 (f68069574609...\002C userDataDir: C:\005CUsers\005Cbagaln\005CAppData\005CLoc...}\002C goog:chromeOptions: {debuggerAddress: localhost:61723}\002C javascriptEnabled: true\002C networkConnectionEnabled: false\002C pageLoadStrategy: normal\002C platform: WINDOWS\002C platformName: WINDOWS\002C proxy: Proxy()\002C setWindowRect: true\002C strictFileInteractability: false\002C timeouts: {implicit: 0\002C pageLoad: 300000\002C script: 30000}\002C unhandledPromptBehavior: dismiss and notify}\000ASession ID: 678d1336bb4b9e37782bcedb13205221,org.openqa.selenium.NoSuchWindowException: \000Ano such window: target window already closed\000Afrom unknown error: web view not found\000A  (Session info: chrome=80.0.3987.132)\000ABuild info: version: '3.141.59'\002C revision: 'e82be7d358'\002C time: '2018-11-14T08:17:03'\000ASystem info: host: 'MSGN12731'\002C ip: '192.168.178.46'\002C os.name: 'Windows 10'\002C os.arch: 'amd64'\002C os.version: '10.0'\002C java.version: '1.8.0_241'\000ADriver info: org.openqa.selenium.chrome.ChromeDriver\000ACapabilities {acceptInsecureCerts: false\002C browserName: chrome\002C browserVersion: 80.0.3987.132\002C chrome: {chromedriverVersion: 80.0.3987.106 (f68069574609...\002C userDataDir: C:\005CUsers\005Cbagaln\005CAppData\005CLoc...}\002C goog:chromeOptions: {debuggerAddress: localhost:61723}\002C javascriptEnabled: true\002C networkConnectionEnabled: false\002C pageLoadStrategy: normal\002C platform: WINDOWS\002C platformName: WINDOWS\002C proxy: Proxy()\002C setWindowRect: true\002C strictFileInteractability: false\002C timeouts: {implicit: 0\002C pageLoad: 300000\002C script: 30000}\002C unhandledPromptBehavior: dismiss and notify}\000ASession ID: 678d1336bb4b9e37782bcedb13205221\000A


# Created at 2020-03-30T15:25:31.095
Unexpected IOException: 9,1,Scenario: Put item to watchlist and verify prices and shipping cost,When User adds the product by clicking on the "Produkt merken" watchlist link(Scenario: Put item to watchlist and verify prices and shipping cost),null,null,null


# Created at 2020-03-30T15:25:31.096
Unexpected IOException: 9,1,Scenario: Put item to watchlist and verify prices and shipping cost,And User clicks on the "Merkzettel" link on the top(Scenario: Put item to watchlist and verify prices and shipping cost),null,null,null


# Created at 2020-03-30T15:25:31.098
Unexpected IOException: 9,1,Scenario: Put item to watchlist and verify prices and shipping cost,Then User is able to see the added favourite product in the watchlist(Scenario: Put item to watchlist and verify prices and shipping cost),null,null,null


# Created at 2020-03-30T15:25:31.100
Unexpected IOException: 9,1,Scenario: Put item to watchlist and verify prices and shipping cost,When User clicks on the product in the watchlist(Scenario: Put item to watchlist and verify prices and shipping cost),null,null,null


# Created at 2020-03-30T15:25:31.102
Unexpected IOException: 9,1,Scenario: Put item to watchlist and verify prices and shipping cost,Then User is navigated to the product details page(Scenario: Put item to watchlist and verify prices and shipping cost),null,null,null


# Created at 2020-03-30T15:25:31.104
Unexpected IOException: 9,1,Scenario: Put item to watchlist and verify prices and shipping cost,And User is able to verify the prices and shipping cost(Scenario: Put item to watchlist and verify prices and shipping cost),null,null,null


# Created at 2020-03-30T15:25:31.105
Unexpected IOException with stream: 


# Created at 2020-03-30T15:25:31.105
Unexpected IOException with stream:   Scenario: Put item to watchlist and verify prices and shipping cost             # TC4_Watchlist.feature:24


# Created at 2020-03-30T15:25:31.106
Unexpected IOException with stream:     Given User is on the product details page                                     # WatchlistFunctionality.User_is_on_the_product_details_page()


# Created at 2020-03-30T15:25:31.108
Unexpected IOException with stream:       org.openqa.selenium.NoSuchWindowException: no such window: target window already closed
      from unknown error: web view not found
        (Session info: chrome=80.0.3987.132)
      Build info: version: '3.141.59', revision: 'e82be7d358', time: '2018-11-14T08:17:03'
      System info: host: 'MSGN12731', ip: '192.168.178.46', os.name: 'Windows 10', os.arch: 'amd64', os.version: '10.0', java.version: '1.8.0_241'
      Driver info: org.openqa.selenium.chrome.ChromeDriver
      Capabilities {acceptInsecureCerts: false, browserName: chrome, browserVersion: 80.0.3987.132, chrome: {chromedriverVersion: 80.0.3987.106 (f68069574609..., userDataDir: C:\Users\bagaln\AppData\Loc...}, goog:chromeOptions: {debuggerAddress: localhost:61723}, javascriptEnabled: true, networkConnectionEnabled: false, pageLoadStrategy: normal, platform: WINDOWS, platformName: WINDOWS, proxy: Proxy(), setWindowRect: true, strictFileInteractability: false, timeouts: {implicit: 0, pageLoad: 300000, script: 30000}, unhandledPromptBehavior: dismiss and notify}
      Session ID: 678d1336bb4b9e37782bcedb13205221
      	at sun.reflect.NativeConstructorAccessorImpl.newInstance0(Native Method)
      	at sun.reflect.NativeConstructorAccessorImpl.newInstance(NativeConstructorAccessorImpl.java:62)
      	at sun.reflect.DelegatingConstructorAccessorImpl.newInstance(DelegatingConstructorAccessorImpl.java:45)
      	at java.lang.reflect.Constructor.newInstance(Constructor.java:423)
      	at org.openqa.selenium.remote.http.W3CHttpResponseCodec.createException(W3CHttpResponseCodec.java:187)
      	at org.openqa.selenium.remote.http.W3CHttpResponseCodec.decode(W3CHttpResponseCodec.java:122)
      	at org.openqa.selenium.remote.http.W3CHttpResponseCodec.decode(W3CHttpResponseCodec.java:49)
      	at org.openqa.selenium.remote.HttpCommandExecutor.execute(HttpCommandExecutor.java:158)
      	at org.openqa.selenium.remote.service.DriverCommandExecutor.execute(DriverCommandExecutor.java:83)
      	at org.openqa.selenium.remote.RemoteWebDriver.execute(RemoteWebDriver.java:552)
      	at org.openqa.selenium.remote.RemoteWebDriver.execute(RemoteWebDriver.java:609)
      	at org.openqa.selenium.remote.RemoteWebDriver.getTitle(RemoteWebDriver.java:281)
      	at stepDefinition.WatchlistFunctionality.User_is_on_the_product_details_page(WatchlistFunctionality.java:25)
      	at ?.Given User is on the product details page(TC4_Watchlist.feature:25)



# Created at 2020-03-30T15:25:31.109
Unexpected IOException with stream:     When User adds the product by clicking on the "Produkt merken" watchlist link # WatchlistFunctionality.User_adds_the_product_by_clicking_on_the_watchlist_link(String)


# Created at 2020-03-30T15:25:31.110
Unexpected IOException with stream:     And User clicks on the "Merkzettel" link on the top                           # WatchlistFunctionality.User_clicks_on_the_link_on_the_top(String)


# Created at 2020-03-30T15:25:31.111
Unexpected IOException with stream:     Then User is able to see the added favourite product in the watchlist         # WatchlistFunctionality.User_is_able_to_see_the_added_favourite_product_in_the_watchlist()


# Created at 2020-03-30T15:25:31.113
Unexpected IOException with stream:     When User clicks on the product in the watchlist                              # WatchlistFunctionality.User_clicks_on_the_product_in_the_watchlist()


# Created at 2020-03-30T15:25:31.113
Unexpected IOException with stream:     Then User is navigated to the product details page                            # ToggleSwitch.User_is_navigated_to_the_product_details_page()


# Created at 2020-03-30T15:25:31.114
Unexpected IOException with stream:     And User is able to verify the prices and shipping cost                       # WatchlistFunctionality.User_is_able_to_verify_the_prices_and_shipping_cost()


# Created at 2020-03-30T15:25:31.115
Unexpected IOException with stream: #Author: your.email@your.domain.com


# Created at 2020-03-30T15:25:31.115
Unexpected IOException with stream: #Keywords Summary :


# Created at 2020-03-30T15:25:31.116
Unexpected IOException with stream: #Feature: List of scenarios.


# Created at 2020-03-30T15:25:31.117
Unexpected IOException with stream: #Scenario: Business rule through list of steps with arguments.


# Created at 2020-03-30T15:25:31.117
Unexpected IOException with stream: #Given: Some precondition step


# Created at 2020-03-30T15:25:31.117
Unexpected IOException with stream: #When: Some key actions


# Created at 2020-03-30T15:25:31.118
Unexpected IOException with stream: #Then: To observe outcomes or validation


# Created at 2020-03-30T15:25:31.118
Unexpected IOException with stream: #And,But: To enumerate more Given,When,Then steps


# Created at 2020-03-30T15:25:31.119
Unexpected IOException with stream: #Scenario Outline: List of steps for data-driven as an Examples and <placeholder>


# Created at 2020-03-30T15:25:31.119
Unexpected IOException with stream: #Examples: Container for s table


# Created at 2020-03-30T15:25:31.120
Unexpected IOException with stream: #Background: List of steps run before each of the scenarios


# Created at 2020-03-30T15:25:31.120
Unexpected IOException with stream: #""" (Doc Strings)


# Created at 2020-03-30T15:25:31.120
Unexpected IOException with stream: #| (Data Tables)


# Created at 2020-03-30T15:25:31.121
Unexpected IOException with stream: #@ (Tags/Labels):To group Scenarios


# Created at 2020-03-30T15:25:31.121
Unexpected IOException with stream: #<> (placeholder)


# Created at 2020-03-30T15:25:31.122
Unexpected IOException with stream: #""


# Created at 2020-03-30T15:25:31.122
Unexpected IOException with stream: ## (Comments)


# Created at 2020-03-30T15:25:31.123
Unexpected IOException with stream: #Sample Feature Definition Template


# Created at 2020-03-30T15:25:31.123
Unexpected IOException with stream: Feature: Additional Product sliders verification


# Created at 2020-03-30T15:25:31.131
Unexpected IOException: 5,1,Arrows are working\002C products are clickable\002C prices are displayed the same after redirection,Scenario: Interaction of product sliders (Arrows are working\002C products are clickable\002C prices are displayed the same after redirection),null,null,null


# Created at 2020-03-30T15:25:31.138
Unexpected IOException: 5,1,Arrows are working\002C products are clickable\002C prices are displayed the same after redirection),Given User is on the product details page(Scenario: Interaction of product sliders (Arrows are working\002C products are clickable\002C prices are displayed the same after redirection)),null,null,null


# Created at 2020-03-30T15:25:31.139
Unexpected IOException: 7,1,Arrows are working\002C products are clickable\002C prices are displayed the same after redirection),Given User is on the product details page(Scenario: Interaction of product sliders (Arrows are working\002C products are clickable\002C prices are displayed the same after redirection)),null,no such window: target window already closed\000Afrom unknown error: web view not found\000A  (Session info: chrome=80.0.3987.132)\000ABuild info: version: '3.141.59'\002C revision: 'e82be7d358'\002C time: '2018-11-14T08:17:03'\000ASystem info: host: 'MSGN12731'\002C ip: '192.168.178.46'\002C os.name: 'Windows 10'\002C os.arch: 'amd64'\002C os.version: '10.0'\002C java.version: '1.8.0_241'\000ADriver info: org.openqa.selenium.chrome.ChromeDriver\000ACapabilities {acceptInsecureCerts: false\002C browserName: chrome\002C browserVersion: 80.0.3987.132\002C chrome: {chromedriverVersion: 80.0.3987.106 (f68069574609...\002C userDataDir: C:\005CUsers\005Cbagaln\005CAppData\005CLoc...}\002C goog:chromeOptions: {debuggerAddress: localhost:61723}\002C javascriptEnabled: true\002C networkConnectionEnabled: false\002C pageLoadStrategy: normal\002C platform: WINDOWS\002C platformName: WINDOWS\002C proxy: Proxy()\002C setWindowRect: true\002C strictFileInteractability: false\002C timeouts: {implicit: 0\002C pageLoad: 300000\002C script: 30000}\002C unhandledPromptBehavior: dismiss and notify}\000ASession ID: 678d1336bb4b9e37782bcedb13205221,null,no such window: target window already closed\000Afrom unknown error: web view not found\000A  (Session info: chrome=80.0.3987.132)\000ABuild info: version: '3.141.59'\002C revision: 'e82be7d358'\002C time: '2018-11-14T08:17:03'\000ASystem info: host: 'MSGN12731'\002C ip: '192.168.178.46'\002C os.name: 'Windows 10'\002C os.arch: 'amd64'\002C os.version: '10.0'\002C java.version: '1.8.0_241'\000ADriver info: org.openqa.selenium.chrome.ChromeDriver\000ACapabilities {acceptInsecureCerts: false\002C browserName: chrome\002C browserVersion: 80.0.3987.132\002C chrome: {chromedriverVersion: 80.0.3987.106 (f68069574609...\002C userDataDir: C:\005CUsers\005Cbagaln\005CAppData\005CLoc...}\002C goog:chromeOptions: {debuggerAddress: localhost:61723}\002C javascriptEnabled: true\002C networkConnectionEnabled: false\002C pageLoadStrategy: normal\002C platform: WINDOWS\002C platformName: WINDOWS\002C proxy: Proxy()\002C setWindowRect: true\002C strictFileInteractability: false\002C timeouts: {implicit: 0\002C pageLoad: 300000\002C script: 30000}\002C unhandledPromptBehavior: dismiss and notify}\000ASession ID: 678d1336bb4b9e37782bcedb13205221,no such window: target window already closed\000Afrom unknown error: web view not found\000A  (Session info: chrome=80.0.3987.132)\000ABuild info: version: '3.141.59'\002C revision: 'e82be7d358'\002C time: '2018-11-14T08:17:03'\000ASystem info: host: 'MSGN12731'\002C ip: '192.168.178.46'\002C os.name: 'Windows 10'\002C os.arch: 'amd64'\002C os.version: '10.0'\002C java.version: '1.8.0_241'\000ADriver info: org.openqa.selenium.chrome.ChromeDriver\000ACapabilities {acceptInsecureCerts: false\002C browserName: chrome\002C browserVersion: 80.0.3987.132\002C chrome: {chromedriverVersion: 80.0.3987.106 (f68069574609...\002C userDataDir: C:\005CUsers\005Cbagaln\005CAppData\005CLoc...}\002C goog:chromeOptions: {debuggerAddress: localhost:61723}\002C javascriptEnabled: true\002C networkConnectionEnabled: false\002C pageLoadStrategy: normal\002C platform: WINDOWS\002C platformName: WINDOWS\002C proxy: Proxy()\002C setWindowRect: true\002C strictFileInteractability: false\002C timeouts: {implicit: 0\002C pageLoad: 300000\002C script: 30000}\002C unhandledPromptBehavior: dismiss and notify}\000ASession ID: 678d1336bb4b9e37782bcedb13205221,org.openqa.selenium.NoSuchWindowException: \000Ano such window: target window already closed\000Afrom unknown error: web view not found\000A  (Session info: chrome=80.0.3987.132)\000ABuild info: version: '3.141.59'\002C revision: 'e82be7d358'\002C time: '2018-11-14T08:17:03'\000ASystem info: host: 'MSGN12731'\002C ip: '192.168.178.46'\002C os.name: 'Windows 10'\002C os.arch: 'amd64'\002C os.version: '10.0'\002C java.version: '1.8.0_241'\000ADriver info: org.openqa.selenium.chrome.ChromeDriver\000ACapabilities {acceptInsecureCerts: false\002C browserName: chrome\002C browserVersion: 80.0.3987.132\002C chrome: {chromedriverVersion: 80.0.3987.106 (f68069574609...\002C userDataDir: C:\005CUsers\005Cbagaln\005CAppData\005CLoc...}\002C goog:chromeOptions: {debuggerAddress: localhost:61723}\002C javascriptEnabled: true\002C networkConnectionEnabled: false\002C pageLoadStrategy: normal\002C platform: WINDOWS\002C platformName: WINDOWS\002C proxy: Proxy()\002C setWindowRect: true\002C strictFileInteractability: false\002C timeouts: {implicit: 0\002C pageLoad: 300000\002C script: 30000}\002C unhandledPromptBehavior: dismiss and notify}\000ASession ID: 678d1336bb4b9e37782bcedb13205221\000A


# Created at 2020-03-30T15:25:31.140
Unexpected IOException: 7,1,Arrows are working\002C products are clickable\002C prices are displayed the same after redirection,Scenario: Interaction of product sliders (Arrows are working\002C products are clickable\002C prices are displayed the same after redirection),null,no such window: target window already closed\000Afrom unknown error: web view not found\000A  (Session info: chrome=80.0.3987.132)\000ABuild info: version: '3.141.59'\002C revision: 'e82be7d358'\002C time: '2018-11-14T08:17:03'\000ASystem info: host: 'MSGN12731'\002C ip: '192.168.178.46'\002C os.name: 'Windows 10'\002C os.arch: 'amd64'\002C os.version: '10.0'\002C java.version: '1.8.0_241'\000ADriver info: org.openqa.selenium.chrome.ChromeDriver\000ACapabilities {acceptInsecureCerts: false\002C browserName: chrome\002C browserVersion: 80.0.3987.132\002C chrome: {chromedriverVersion: 80.0.3987.106 (f68069574609...\002C userDataDir: C:\005CUsers\005Cbagaln\005CAppData\005CLoc...}\002C goog:chromeOptions: {debuggerAddress: localhost:61723}\002C javascriptEnabled: true\002C networkConnectionEnabled: false\002C pageLoadStrategy: normal\002C platform: WINDOWS\002C platformName: WINDOWS\002C proxy: Proxy()\002C setWindowRect: true\002C strictFileInteractability: false\002C timeouts: {implicit: 0\002C pageLoad: 300000\002C script: 30000}\002C unhandledPromptBehavior: dismiss and notify}\000ASession ID: 678d1336bb4b9e37782bcedb13205221,null,no such window: target window already closed\000Afrom unknown error: web view not found\000A  (Session info: chrome=80.0.3987.132)\000ABuild info: version: '3.141.59'\002C revision: 'e82be7d358'\002C time: '2018-11-14T08:17:03'\000ASystem info: host: 'MSGN12731'\002C ip: '192.168.178.46'\002C os.name: 'Windows 10'\002C os.arch: 'amd64'\002C os.version: '10.0'\002C java.version: '1.8.0_241'\000ADriver info: org.openqa.selenium.chrome.ChromeDriver\000ACapabilities {acceptInsecureCerts: false\002C browserName: chrome\002C browserVersion: 80.0.3987.132\002C chrome: {chromedriverVersion: 80.0.3987.106 (f68069574609...\002C userDataDir: C:\005CUsers\005Cbagaln\005CAppData\005CLoc...}\002C goog:chromeOptions: {debuggerAddress: localhost:61723}\002C javascriptEnabled: true\002C networkConnectionEnabled: false\002C pageLoadStrategy: normal\002C platform: WINDOWS\002C platformName: WINDOWS\002C proxy: Proxy()\002C setWindowRect: true\002C strictFileInteractability: false\002C timeouts: {implicit: 0\002C pageLoad: 300000\002C script: 30000}\002C unhandledPromptBehavior: dismiss and notify}\000ASession ID: 678d1336bb4b9e37782bcedb13205221,no such window: target window already closed\000Afrom unknown error: web view not found\000A  (Session info: chrome=80.0.3987.132)\000ABuild info: version: '3.141.59'\002C revision: 'e82be7d358'\002C time: '2018-11-14T08:17:03'\000ASystem info: host: 'MSGN12731'\002C ip: '192.168.178.46'\002C os.name: 'Windows 10'\002C os.arch: 'amd64'\002C os.version: '10.0'\002C java.version: '1.8.0_241'\000ADriver info: org.openqa.selenium.chrome.ChromeDriver\000ACapabilities {acceptInsecureCerts: false\002C browserName: chrome\002C browserVersion: 80.0.3987.132\002C chrome: {chromedriverVersion: 80.0.3987.106 (f68069574609...\002C userDataDir: C:\005CUsers\005Cbagaln\005CAppData\005CLoc...}\002C goog:chromeOptions: {debuggerAddress: localhost:61723}\002C javascriptEnabled: true\002C networkConnectionEnabled: false\002C pageLoadStrategy: normal\002C platform: WINDOWS\002C platformName: WINDOWS\002C proxy: Proxy()\002C setWindowRect: true\002C strictFileInteractability: false\002C timeouts: {implicit: 0\002C pageLoad: 300000\002C script: 30000}\002C unhandledPromptBehavior: dismiss and notify}\000ASession ID: 678d1336bb4b9e37782bcedb13205221,org.openqa.selenium.NoSuchWindowException: \000Ano such window: target window already closed\000Afrom unknown error: web view not found\000A  (Session info: chrome=80.0.3987.132)\000ABuild info: version: '3.141.59'\002C revision: 'e82be7d358'\002C time: '2018-11-14T08:17:03'\000ASystem info: host: 'MSGN12731'\002C ip: '192.168.178.46'\002C os.name: 'Windows 10'\002C os.arch: 'amd64'\002C os.version: '10.0'\002C java.version: '1.8.0_241'\000ADriver info: org.openqa.selenium.chrome.ChromeDriver\000ACapabilities {acceptInsecureCerts: false\002C browserName: chrome\002C browserVersion: 80.0.3987.132\002C chrome: {chromedriverVersion: 80.0.3987.106 (f68069574609...\002C userDataDir: C:\005CUsers\005Cbagaln\005CAppData\005CLoc...}\002C goog:chromeOptions: {debuggerAddress: localhost:61723}\002C javascriptEnabled: true\002C networkConnectionEnabled: false\002C pageLoadStrategy: normal\002C platform: WINDOWS\002C platformName: WINDOWS\002C proxy: Proxy()\002C setWindowRect: true\002C strictFileInteractability: false\002C timeouts: {implicit: 0\002C pageLoad: 300000\002C script: 30000}\002C unhandledPromptBehavior: dismiss and notify}\000ASession ID: 678d1336bb4b9e37782bcedb13205221\000A


# Created at 2020-03-30T15:25:31.149
Unexpected IOException: 9,1,Arrows are working\002C products are clickable\002C prices are displayed the same after redirection),When User clicks on the right slider arrow button(Scenario: Interaction of product sliders (Arrows are working\002C products are clickable\002C prices are displayed the same after redirection)),null,null,null


# Created at 2020-03-30T15:25:31.150
Unexpected IOException: 9,1,Arrows are working\002C products are clickable\002C prices are displayed the same after redirection),Then User verifies that the left arrow button is enabled(Scenario: Interaction of product sliders (Arrows are working\002C products are clickable\002C prices are displayed the same after redirection)),null,null,null


# Created at 2020-03-30T15:25:31.151
Unexpected IOException: 9,1,Arrows are working\002C products are clickable\002C prices are displayed the same after redirection),When User clicks on any product(Scenario: Interaction of product sliders (Arrows are working\002C products are clickable\002C prices are displayed the same after redirection)),null,null,null


# Created at 2020-03-30T15:25:31.153
Unexpected IOException: 9,1,Arrows are working\002C products are clickable\002C prices are displayed the same after redirection),Then User should be navigated to the product details page(Scenario: Interaction of product sliders (Arrows are working\002C products are clickable\002C prices are displayed the same after redirection)),null,null,null


# Created at 2020-03-30T15:25:31.155
Unexpected IOException: 9,1,Arrows are working\002C products are clickable\002C prices are displayed the same after redirection),And User should be able to see the same price which was displayed in the previous page(Scenario: Interaction of product sliders (Arrows are working\002C products are clickable\002C prices are displayed the same after redirection)),null,null,null


# Created at 2020-03-30T15:25:31.156
Unexpected IOException with stream: 


# Created at 2020-03-30T15:25:31.156
Unexpected IOException with stream:   Scenario: Interaction of product sliders (Arrows are working, products are clickable, prices are displayed the same after redirection) # TC5_ProductSliders.feature:23


# Created at 2020-03-30T15:25:31.157
Unexpected IOException with stream:     Given User is on the product details page                                                                                            # WatchlistFunctionality.User_is_on_the_product_details_page()


# Created at 2020-03-30T15:25:31.158
Unexpected IOException with stream:       org.openqa.selenium.NoSuchWindowException: no such window: target window already closed
      from unknown error: web view not found
        (Session info: chrome=80.0.3987.132)
      Build info: version: '3.141.59', revision: 'e82be7d358', time: '2018-11-14T08:17:03'
      System info: host: 'MSGN12731', ip: '192.168.178.46', os.name: 'Windows 10', os.arch: 'amd64', os.version: '10.0', java.version: '1.8.0_241'
      Driver info: org.openqa.selenium.chrome.ChromeDriver
      Capabilities {acceptInsecureCerts: false, browserName: chrome, browserVersion: 80.0.3987.132, chrome: {chromedriverVersion: 80.0.3987.106 (f68069574609..., userDataDir: C:\Users\bagaln\AppData\Loc...}, goog:chromeOptions: {debuggerAddress: localhost:61723}, javascriptEnabled: true, networkConnectionEnabled: false, pageLoadStrategy: normal, platform: WINDOWS, platformName: WINDOWS, proxy: Proxy(), setWindowRect: true, strictFileInteractability: false, timeouts: {implicit: 0, pageLoad: 300000, script: 30000}, unhandledPromptBehavior: dismiss and notify}
      Session ID: 678d1336bb4b9e37782bcedb13205221
      	at sun.reflect.NativeConstructorAccessorImpl.newInstance0(Native Method)
      	at sun.reflect.NativeConstructorAccessorImpl.newInstance(NativeConstructorAccessorImpl.java:62)
      	at sun.reflect.DelegatingConstructorAccessorImpl.newInstance(DelegatingConstructorAccessorImpl.java:45)
      	at java.lang.reflect.Constructor.newInstance(Constructor.java:423)
      	at org.openqa.selenium.remote.http.W3CHttpResponseCodec.createException(W3CHttpResponseCodec.java:187)
      	at org.openqa.selenium.remote.http.W3CHttpResponseCodec.decode(W3CHttpResponseCodec.java:122)
      	at org.openqa.selenium.remote.http.W3CHttpResponseCodec.decode(W3CHttpResponseCodec.java:49)
      	at org.openqa.selenium.remote.HttpCommandExecutor.execute(HttpCommandExecutor.java:158)
      	at org.openqa.selenium.remote.service.DriverCommandExecutor.execute(DriverCommandExecutor.java:83)
      	at org.openqa.selenium.remote.RemoteWebDriver.execute(RemoteWebDriver.java:552)
      	at org.openqa.selenium.remote.RemoteWebDriver.execute(RemoteWebDriver.java:609)
      	at org.openqa.selenium.remote.RemoteWebDriver.getTitle(RemoteWebDriver.java:281)
      	at stepDefinition.WatchlistFunctionality.User_is_on_the_product_details_page(WatchlistFunctionality.java:25)
      	at ?.Given User is on the product details page(TC5_ProductSliders.feature:24)



# Created at 2020-03-30T15:25:31.160
Unexpected IOException with stream:     When User clicks on the right slider arrow button                                                                                    # ProductSliders.User_clicks_on_the_right_slider_arrow_button()


# Created at 2020-03-30T15:25:31.161
Unexpected IOException with stream:     Then User verifies that the left arrow button is enabled                                                                             # ProductSliders.User_verifies_that_the_left_arrow_button_is_enabled()


# Created at 2020-03-30T15:25:31.162
Unexpected IOException with stream:     When User clicks on any product                                                                                                      # ProductSliders.User_clicks_on_any_product()


# Created at 2020-03-30T15:25:31.163
Unexpected IOException with stream:     Then User should be navigated to the product details page                                                                            # ProductSliders.User_should_be_navigated_to_the_product_details_page()


# Created at 2020-03-30T15:25:31.163
Unexpected IOException with stream:     And User should be able to see the same price which was displayed in the previous page                                               # ProductSliders.User_should_be_able_to_see_the_same_price_which_was_displayed_in_the_previous_page()


# Created at 2020-03-30T15:25:31.165
Unexpected IOException with stream: #Author: your.email@your.domain.com


# Created at 2020-03-30T15:25:31.165
Unexpected IOException with stream: #Keywords Summary :


# Created at 2020-03-30T15:25:31.165
Unexpected IOException with stream: #Feature: List of scenarios.


# Created at 2020-03-30T15:25:31.166
Unexpected IOException with stream: #Scenario: Business rule through list of steps with arguments.


# Created at 2020-03-30T15:25:31.166
Unexpected IOException with stream: #Given: Some precondition step


# Created at 2020-03-30T15:25:31.167
Unexpected IOException with stream: #When: Some key actions


# Created at 2020-03-30T15:25:31.168
Unexpected IOException with stream: #Then: To observe outcomes or validation


# Created at 2020-03-30T15:25:31.168
Unexpected IOException with stream: #And,But: To enumerate more Given,When,Then steps


# Created at 2020-03-30T15:25:31.168
Unexpected IOException with stream: #Scenario Outline: List of steps for data-driven as an Examples and <placeholder>


# Created at 2020-03-30T15:25:31.169
Unexpected IOException with stream: #Examples: Container for s table


# Created at 2020-03-30T15:25:31.169
Unexpected IOException with stream: #Background: List of steps run before each of the scenarios


# Created at 2020-03-30T15:25:31.170
Unexpected IOException with stream: #""" (Doc Strings)


# Created at 2020-03-30T15:25:31.170
Unexpected IOException with stream: #| (Data Tables)


# Created at 2020-03-30T15:25:31.170
Unexpected IOException with stream: #@ (Tags/Labels):To group Scenarios


# Created at 2020-03-30T15:25:31.171
Unexpected IOException with stream: #<> (placeholder)


# Created at 2020-03-30T15:25:31.171
Unexpected IOException with stream: #""


# Created at 2020-03-30T15:25:31.171
Unexpected IOException with stream: ## (Comments)


# Created at 2020-03-30T15:25:31.172
Unexpected IOException with stream: #Sample Feature Definition Template


# Created at 2020-03-30T15:25:31.172
Unexpected IOException with stream: Feature: Verify points in product detail page


# Created at 2020-03-30T15:25:31.178
Unexpected IOException: 5,1,Scenario: Voucher/Points at Product Detail Page,Scenario: Voucher/Points at Product Detail Page,null,null,null


# Created at 2020-03-30T15:25:35.191
Unexpected IOException: 5,1,Scenario: Voucher/Points at Product Detail Page,Given User is on the new product details page(Scenario: Voucher/Points at Product Detail Page),null,null,null


# Created at 2020-03-30T15:25:35.195
Unexpected IOException: 7,1,Scenario: Voucher/Points at Product Detail Page,Given User is on the new product details page(Scenario: Voucher/Points at Product Detail Page),null,no such window: target window already closed\000Afrom unknown error: web view not found\000A  (Session info: chrome=80.0.3987.132)\000ABuild info: version: '3.141.59'\002C revision: 'e82be7d358'\002C time: '2018-11-14T08:17:03'\000ASystem info: host: 'MSGN12731'\002C ip: '192.168.178.46'\002C os.name: 'Windows 10'\002C os.arch: 'amd64'\002C os.version: '10.0'\002C java.version: '1.8.0_241'\000ADriver info: org.openqa.selenium.chrome.ChromeDriver\000ACapabilities {acceptInsecureCerts: false\002C browserName: chrome\002C browserVersion: 80.0.3987.132\002C chrome: {chromedriverVersion: 80.0.3987.106 (f68069574609...\002C userDataDir: C:\005CUsers\005Cbagaln\005CAppData\005CLoc...}\002C goog:chromeOptions: {debuggerAddress: localhost:61723}\002C javascriptEnabled: true\002C networkConnectionEnabled: false\002C pageLoadStrategy: normal\002C platform: WINDOWS\002C platformName: WINDOWS\002C proxy: Proxy()\002C setWindowRect: true\002C strictFileInteractability: false\002C timeouts: {implicit: 0\002C pageLoad: 300000\002C script: 30000}\002C unhandledPromptBehavior: dismiss and notify}\000ASession ID: 678d1336bb4b9e37782bcedb13205221,null,no such window: target window already closed\000Afrom unknown error: web view not found\000A  (Session info: chrome=80.0.3987.132)\000ABuild info: version: '3.141.59'\002C revision: 'e82be7d358'\002C time: '2018-11-14T08:17:03'\000ASystem info: host: 'MSGN12731'\002C ip: '192.168.178.46'\002C os.name: 'Windows 10'\002C os.arch: 'amd64'\002C os.version: '10.0'\002C java.version: '1.8.0_241'\000ADriver info: org.openqa.selenium.chrome.ChromeDriver\000ACapabilities {acceptInsecureCerts: false\002C browserName: chrome\002C browserVersion: 80.0.3987.132\002C chrome: {chromedriverVersion: 80.0.3987.106 (f68069574609...\002C userDataDir: C:\005CUsers\005Cbagaln\005CAppData\005CLoc...}\002C goog:chromeOptions: {debuggerAddress: localhost:61723}\002C javascriptEnabled: true\002C networkConnectionEnabled: false\002C pageLoadStrategy: normal\002C platform: WINDOWS\002C platformName: WINDOWS\002C proxy: Proxy()\002C setWindowRect: true\002C strictFileInteractability: false\002C timeouts: {implicit: 0\002C pageLoad: 300000\002C script: 30000}\002C unhandledPromptBehavior: dismiss and notify}\000ASession ID: 678d1336bb4b9e37782bcedb13205221,no such window: target window already closed\000Afrom unknown error: web view not found\000A  (Session info: chrome=80.0.3987.132)\000ABuild info: version: '3.141.59'\002C revision: 'e82be7d358'\002C time: '2018-11-14T08:17:03'\000ASystem info: host: 'MSGN12731'\002C ip: '192.168.178.46'\002C os.name: 'Windows 10'\002C os.arch: 'amd64'\002C os.version: '10.0'\002C java.version: '1.8.0_241'\000ADriver info: org.openqa.selenium.chrome.ChromeDriver\000ACapabilities {acceptInsecureCerts: false\002C browserName: chrome\002C browserVersion: 80.0.3987.132\002C chrome: {chromedriverVersion: 80.0.3987.106 (f68069574609...\002C userDataDir: C:\005CUsers\005Cbagaln\005CAppData\005CLoc...}\002C goog:chromeOptions: {debuggerAddress: localhost:61723}\002C javascriptEnabled: true\002C networkConnectionEnabled: false\002C pageLoadStrategy: normal\002C platform: WINDOWS\002C platformName: WINDOWS\002C proxy: Proxy()\002C setWindowRect: true\002C strictFileInteractability: false\002C timeouts: {implicit: 0\002C pageLoad: 300000\002C script: 30000}\002C unhandledPromptBehavior: dismiss and notify}\000ASession ID: 678d1336bb4b9e37782bcedb13205221,org.openqa.selenium.NoSuchWindowException: \000Ano such window: target window already closed\000Afrom unknown error: web view not found\000A  (Session info: chrome=80.0.3987.132)\000ABuild info: version: '3.141.59'\002C revision: 'e82be7d358'\002C time: '2018-11-14T08:17:03'\000ASystem info: host: 'MSGN12731'\002C ip: '192.168.178.46'\002C os.name: 'Windows 10'\002C os.arch: 'amd64'\002C os.version: '10.0'\002C java.version: '1.8.0_241'\000ADriver info: org.openqa.selenium.chrome.ChromeDriver\000ACapabilities {acceptInsecureCerts: false\002C browserName: chrome\002C browserVersion: 80.0.3987.132\002C chrome: {chromedriverVersion: 80.0.3987.106 (f68069574609...\002C userDataDir: C:\005CUsers\005Cbagaln\005CAppData\005CLoc...}\002C goog:chromeOptions: {debuggerAddress: localhost:61723}\002C javascriptEnabled: true\002C networkConnectionEnabled: false\002C pageLoadStrategy: normal\002C platform: WINDOWS\002C platformName: WINDOWS\002C proxy: Proxy()\002C setWindowRect: true\002C strictFileInteractability: false\002C timeouts: {implicit: 0\002C pageLoad: 300000\002C script: 30000}\002C unhandledPromptBehavior: dismiss and notify}\000ASession ID: 678d1336bb4b9e37782bcedb13205221\000A


# Created at 2020-03-30T15:25:35.197
Unexpected IOException: 7,1,Scenario: Voucher/Points at Product Detail Page,Scenario: Voucher/Points at Product Detail Page,null,no such window: target window already closed\000Afrom unknown error: web view not found\000A  (Session info: chrome=80.0.3987.132)\000ABuild info: version: '3.141.59'\002C revision: 'e82be7d358'\002C time: '2018-11-14T08:17:03'\000ASystem info: host: 'MSGN12731'\002C ip: '192.168.178.46'\002C os.name: 'Windows 10'\002C os.arch: 'amd64'\002C os.version: '10.0'\002C java.version: '1.8.0_241'\000ADriver info: org.openqa.selenium.chrome.ChromeDriver\000ACapabilities {acceptInsecureCerts: false\002C browserName: chrome\002C browserVersion: 80.0.3987.132\002C chrome: {chromedriverVersion: 80.0.3987.106 (f68069574609...\002C userDataDir: C:\005CUsers\005Cbagaln\005CAppData\005CLoc...}\002C goog:chromeOptions: {debuggerAddress: localhost:61723}\002C javascriptEnabled: true\002C networkConnectionEnabled: false\002C pageLoadStrategy: normal\002C platform: WINDOWS\002C platformName: WINDOWS\002C proxy: Proxy()\002C setWindowRect: true\002C strictFileInteractability: false\002C timeouts: {implicit: 0\002C pageLoad: 300000\002C script: 30000}\002C unhandledPromptBehavior: dismiss and notify}\000ASession ID: 678d1336bb4b9e37782bcedb13205221,null,no such window: target window already closed\000Afrom unknown error: web view not found\000A  (Session info: chrome=80.0.3987.132)\000ABuild info: version: '3.141.59'\002C revision: 'e82be7d358'\002C time: '2018-11-14T08:17:03'\000ASystem info: host: 'MSGN12731'\002C ip: '192.168.178.46'\002C os.name: 'Windows 10'\002C os.arch: 'amd64'\002C os.version: '10.0'\002C java.version: '1.8.0_241'\000ADriver info: org.openqa.selenium.chrome.ChromeDriver\000ACapabilities {acceptInsecureCerts: false\002C browserName: chrome\002C browserVersion: 80.0.3987.132\002C chrome: {chromedriverVersion: 80.0.3987.106 (f68069574609...\002C userDataDir: C:\005CUsers\005Cbagaln\005CAppData\005CLoc...}\002C goog:chromeOptions: {debuggerAddress: localhost:61723}\002C javascriptEnabled: true\002C networkConnectionEnabled: false\002C pageLoadStrategy: normal\002C platform: WINDOWS\002C platformName: WINDOWS\002C proxy: Proxy()\002C setWindowRect: true\002C strictFileInteractability: false\002C timeouts: {implicit: 0\002C pageLoad: 300000\002C script: 30000}\002C unhandledPromptBehavior: dismiss and notify}\000ASession ID: 678d1336bb4b9e37782bcedb13205221,no such window: target window already closed\000Afrom unknown error: web view not found\000A  (Session info: chrome=80.0.3987.132)\000ABuild info: version: '3.141.59'\002C revision: 'e82be7d358'\002C time: '2018-11-14T08:17:03'\000ASystem info: host: 'MSGN12731'\002C ip: '192.168.178.46'\002C os.name: 'Windows 10'\002C os.arch: 'amd64'\002C os.version: '10.0'\002C java.version: '1.8.0_241'\000ADriver info: org.openqa.selenium.chrome.ChromeDriver\000ACapabilities {acceptInsecureCerts: false\002C browserName: chrome\002C browserVersion: 80.0.3987.132\002C chrome: {chromedriverVersion: 80.0.3987.106 (f68069574609...\002C userDataDir: C:\005CUsers\005Cbagaln\005CAppData\005CLoc...}\002C goog:chromeOptions: {debuggerAddress: localhost:61723}\002C javascriptEnabled: true\002C networkConnectionEnabled: false\002C pageLoadStrategy: normal\002C platform: WINDOWS\002C platformName: WINDOWS\002C proxy: Proxy()\002C setWindowRect: true\002C strictFileInteractability: false\002C timeouts: {implicit: 0\002C pageLoad: 300000\002C script: 30000}\002C unhandledPromptBehavior: dismiss and notify}\000ASession ID: 678d1336bb4b9e37782bcedb13205221,org.openqa.selenium.NoSuchWindowException: \000Ano such window: target window already closed\000Afrom unknown error: web view not found\000A  (Session info: chrome=80.0.3987.132)\000ABuild info: version: '3.141.59'\002C revision: 'e82be7d358'\002C time: '2018-11-14T08:17:03'\000ASystem info: host: 'MSGN12731'\002C ip: '192.168.178.46'\002C os.name: 'Windows 10'\002C os.arch: 'amd64'\002C os.version: '10.0'\002C java.version: '1.8.0_241'\000ADriver info: org.openqa.selenium.chrome.ChromeDriver\000ACapabilities {acceptInsecureCerts: false\002C browserName: chrome\002C browserVersion: 80.0.3987.132\002C chrome: {chromedriverVersion: 80.0.3987.106 (f68069574609...\002C userDataDir: C:\005CUsers\005Cbagaln\005CAppData\005CLoc...}\002C goog:chromeOptions: {debuggerAddress: localhost:61723}\002C javascriptEnabled: true\002C networkConnectionEnabled: false\002C pageLoadStrategy: normal\002C platform: WINDOWS\002C platformName: WINDOWS\002C proxy: Proxy()\002C setWindowRect: true\002C strictFileInteractability: false\002C timeouts: {implicit: 0\002C pageLoad: 300000\002C script: 30000}\002C unhandledPromptBehavior: dismiss and notify}\000ASession ID: 678d1336bb4b9e37782bcedb13205221\000A


# Created at 2020-03-30T15:25:35.205
Unexpected IOException: 9,1,Scenario: Voucher/Points at Product Detail Page,When User hovers above the Points tool tip in the product detail page(Scenario: Voucher/Points at Product Detail Page),null,null,null


# Created at 2020-03-30T15:25:35.206
Unexpected IOException: 9,1,Scenario: Voucher/Points at Product Detail Page,Then User should be able to verify the points details(Scenario: Voucher/Points at Product Detail Page),null,null,null


# Created at 2020-03-30T15:25:35.207
Unexpected IOException with stream: 


# Created at 2020-03-30T15:25:35.208
Unexpected IOException with stream:   Scenario: Voucher/Points at Product Detail Page                         # TC6_PointsToolTip.feature:23


# Created at 2020-03-30T15:25:35.208
Unexpected IOException with stream:     Given User is on the new product details page                         # PointsToolTip.User_is_on_the_new_product_details_page()


# Created at 2020-03-30T15:25:35.208
Unexpected IOException with stream:       org.openqa.selenium.NoSuchWindowException: no such window: target window already closed
      from unknown error: web view not found
        (Session info: chrome=80.0.3987.132)
      Build info: version: '3.141.59', revision: 'e82be7d358', time: '2018-11-14T08:17:03'
      System info: host: 'MSGN12731', ip: '192.168.178.46', os.name: 'Windows 10', os.arch: 'amd64', os.version: '10.0', java.version: '1.8.0_241'
      Driver info: org.openqa.selenium.chrome.ChromeDriver
      Capabilities {acceptInsecureCerts: false, browserName: chrome, browserVersion: 80.0.3987.132, chrome: {chromedriverVersion: 80.0.3987.106 (f68069574609..., userDataDir: C:\Users\bagaln\AppData\Loc...}, goog:chromeOptions: {debuggerAddress: localhost:61723}, javascriptEnabled: true, networkConnectionEnabled: false, pageLoadStrategy: normal, platform: WINDOWS, platformName: WINDOWS, proxy: Proxy(), setWindowRect: true, strictFileInteractability: false, timeouts: {implicit: 0, pageLoad: 300000, script: 30000}, unhandledPromptBehavior: dismiss and notify}
      Session ID: 678d1336bb4b9e37782bcedb13205221
      	at sun.reflect.NativeConstructorAccessorImpl.newInstance0(Native Method)
      	at sun.reflect.NativeConstructorAccessorImpl.newInstance(NativeConstructorAccessorImpl.java:62)
      	at sun.reflect.DelegatingConstructorAccessorImpl.newInstance(DelegatingConstructorAccessorImpl.java:45)
      	at java.lang.reflect.Constructor.newInstance(Constructor.java:423)
      	at org.openqa.selenium.remote.http.W3CHttpResponseCodec.createException(W3CHttpResponseCodec.java:187)
      	at org.openqa.selenium.remote.http.W3CHttpResponseCodec.decode(W3CHttpResponseCodec.java:122)
      	at org.openqa.selenium.remote.http.W3CHttpResponseCodec.decode(W3CHttpResponseCodec.java:49)
      	at org.openqa.selenium.remote.HttpCommandExecutor.execute(HttpCommandExecutor.java:158)
      	at org.openqa.selenium.remote.service.DriverCommandExecutor.execute(DriverCommandExecutor.java:83)
      	at org.openqa.selenium.remote.RemoteWebDriver.execute(RemoteWebDriver.java:552)
      	at org.openqa.selenium.remote.RemoteWebDriver.execute(RemoteWebDriver.java:609)
      	at org.openqa.selenium.remote.RemoteWebDriver.getTitle(RemoteWebDriver.java:281)
      	at stepDefinition.PointsToolTip.User_is_on_the_new_product_details_page(PointsToolTip.java:26)
      	at ?.Given User is on the new product details page(TC6_PointsToolTip.feature:24)



# Created at 2020-03-30T15:25:35.209
Unexpected IOException with stream:     When User hovers above the Points tool tip in the product detail page # PointsToolTip.User_hovers_above_the_Points_tool_tip_in_the_product_detail_page()


# Created at 2020-03-30T15:25:35.209
Unexpected IOException with stream:     Then User should be able to verify the points details                 # PointsToolTip.User_should_be_able_to_verify_the_points_details()


# Created at 2020-03-30T15:25:35.612
Unexpected IOException with stream: 


# Created at 2020-03-30T15:25:35.613
Unexpected IOException with stream: 6

# Created at 2020-03-30T15:25:35.613
Unexpected IOException with stream:  Scenarios (

# Created at 2020-03-30T15:25:35.614
Unexpected IOException with stream: 5 failed

# Created at 2020-03-30T15:25:35.614
Unexpected IOException with stream: , 

# Created at 2020-03-30T15:25:35.614
Unexpected IOException with stream: 1 passed

# Created at 2020-03-30T15:25:35.615
Unexpected IOException with stream: )


# Created at 2020-03-30T15:25:35.615
Unexpected IOException with stream: 54

# Created at 2020-03-30T15:25:35.615
Unexpected IOException with stream:  Steps (

# Created at 2020-03-30T15:25:35.616
Unexpected IOException with stream: 5 failed

# Created at 2020-03-30T15:25:35.616
Unexpected IOException with stream: , 

# Created at 2020-03-30T15:25:35.616
Unexpected IOException with stream: 29 skipped

# Created at 2020-03-30T15:25:35.617
Unexpected IOException with stream: , 

# Created at 2020-03-30T15:25:35.617
Unexpected IOException with stream: 20 passed

# Created at 2020-03-30T15:25:35.617
Unexpected IOException with stream: )


# Created at 2020-03-30T15:25:35.618
Unexpected IOException with stream: 1m

# Created at 2020-03-30T15:25:35.618
Unexpected IOException with stream: 36.563s


# Created at 2020-03-30T15:25:35.619
Unexpected IOException with stream: 


# Created at 2020-03-30T15:25:35.619
Unexpected IOException with stream: org.junit.ComparisonFailure: Price are not the same expected:<[769],00 > but was:<[1.538],00 >

# Created at 2020-03-30T15:25:35.620
Unexpected IOException with stream: 


# Created at 2020-03-30T15:25:35.620
Unexpected IOException with stream: 	at org.junit.Assert.assertEquals(Assert.java:115)

# Created at 2020-03-30T15:25:35.620
Unexpected IOException with stream: 


# Created at 2020-03-30T15:25:35.621
Unexpected IOException with stream: 	at stepDefinition.ShoppingCartVerification.User_is_able_to_see_the_base_price_shipping_price_and_quantity(ShoppingCartVerification.java:97)

# Created at 2020-03-30T15:25:35.621
Unexpected IOException with stream: 


# Created at 2020-03-30T15:25:35.621
Unexpected IOException with stream: 	at ?.And User is able to see the base price,shipping price and quantity(TC2_ShoppingCartVerification.feature:34)

# Created at 2020-03-30T15:25:35.622
Unexpected IOException with stream: 


# Created at 2020-03-30T15:25:35.622
Unexpected IOException with stream: 


# Created at 2020-03-30T15:25:35.622
Unexpected IOException with stream: org.openqa.selenium.NoSuchElementException: Cannot locate an element using xpath=//div[@id='c24-meinkonto']/span/span/a[.='Anmelden']
For documentation on this error, please visit: https://www.seleniumhq.org/exceptions/no_such_element.html
Build info: version: '3.141.59', revision: 'e82be7d358', time: '2018-11-14T08:17:03'
System info: host: 'MSGN12731', ip: '192.168.178.46', os.name: 'Windows 10', os.arch: 'amd64', os.version: '10.0', java.version: '1.8.0_241'
Driver info: driver.version: RemoteWebDriver

# Created at 2020-03-30T15:25:35.623
Unexpected IOException with stream: 


# Created at 2020-03-30T15:25:35.623
Unexpected IOException with stream: 	at org.openqa.selenium.remote.RemoteWebDriver.findElement(RemoteWebDriver.java:327)

# Created at 2020-03-30T15:25:35.623
Unexpected IOException with stream: 


# Created at 2020-03-30T15:25:35.624
Unexpected IOException with stream: 	at org.openqa.selenium.remote.RemoteWebDriver.findElementByXPath(RemoteWebDriver.java:428)

# Created at 2020-03-30T15:25:35.624
Unexpected IOException with stream: 


# Created at 2020-03-30T15:25:35.624
Unexpected IOException with stream: 	at org.openqa.selenium.By$ByXPath.findElement(By.java:353)

# Created at 2020-03-30T15:25:35.625
Unexpected IOException with stream: 


# Created at 2020-03-30T15:25:35.625
Unexpected IOException with stream: 	at org.openqa.selenium.remote.RemoteWebDriver.findElement(RemoteWebDriver.java:315)

# Created at 2020-03-30T15:25:35.626
Unexpected IOException with stream: 


# Created at 2020-03-30T15:25:35.626
Unexpected IOException with stream: 	at stepDefinition.LoginFunctionality.User_clicks_on_the_Anmelden_button_and_enters_the_username_and_password(LoginFunctionality.java:36)

# Created at 2020-03-30T15:25:35.627
Unexpected IOException with stream: 


# Created at 2020-03-30T15:25:35.627
Unexpected IOException with stream: 	at ?.When User clicks on the Anmelden button and enters the username and password(TC3_Toggle.feature:27)

# Created at 2020-03-30T15:25:35.627
Unexpected IOException with stream: 


# Created at 2020-03-30T15:25:35.628
Unexpected IOException with stream: 


# Created at 2020-03-30T15:25:35.628
Unexpected IOException with stream: org.openqa.selenium.NoSuchWindowException: no such window: target window already closed
from unknown error: web view not found
  (Session info: chrome=80.0.3987.132)
Build info: version: '3.141.59', revision: 'e82be7d358', time: '2018-11-14T08:17:03'
System info: host: 'MSGN12731', ip: '192.168.178.46', os.name: 'Windows 10', os.arch: 'amd64', os.version: '10.0', java.version: '1.8.0_241'
Driver info: org.openqa.selenium.chrome.ChromeDriver
Capabilities {acceptInsecureCerts: false, browserName: chrome, browserVersion: 80.0.3987.132, chrome: {chromedriverVersion: 80.0.3987.106 (f68069574609..., userDataDir: C:\Users\bagaln\AppData\Loc...}, goog:chromeOptions: {debuggerAddress: localhost:61723}, javascriptEnabled: true, networkConnectionEnabled: false, pageLoadStrategy: normal, platform: WINDOWS, platformName: WINDOWS, proxy: Proxy(), setWindowRect: true, strictFileInteractability: false, timeouts: {implicit: 0, pageLoad: 300000, script: 30000}, unhandledPromptBehavior: dismiss and notify}
Session ID: 678d1336bb4b9e37782bcedb13205221

# Created at 2020-03-30T15:25:35.629
Unexpected IOException with stream: 


# Created at 2020-03-30T15:25:35.629
Unexpected IOException with stream: 	at sun.reflect.NativeConstructorAccessorImpl.newInstance0(Native Method)

# Created at 2020-03-30T15:25:35.629
Unexpected IOException with stream: 


# Created at 2020-03-30T15:25:35.630
Unexpected IOException with stream: 	at sun.reflect.NativeConstructorAccessorImpl.newInstance(NativeConstructorAccessorImpl.java:62)

# Created at 2020-03-30T15:25:35.630
Unexpected IOException with stream: 


# Created at 2020-03-30T15:25:35.630
Unexpected IOException with stream: 	at sun.reflect.DelegatingConstructorAccessorImpl.newInstance(DelegatingConstructorAccessorImpl.java:45)

# Created at 2020-03-30T15:25:35.630
Unexpected IOException with stream: 


# Created at 2020-03-30T15:25:35.631
Unexpected IOException with stream: 	at java.lang.reflect.Constructor.newInstance(Constructor.java:423)

# Created at 2020-03-30T15:25:35.631
Unexpected IOException with stream: 


# Created at 2020-03-30T15:25:35.631
Unexpected IOException with stream: 	at org.openqa.selenium.remote.http.W3CHttpResponseCodec.createException(W3CHttpResponseCodec.java:187)

# Created at 2020-03-30T15:25:35.632
Unexpected IOException with stream: 


# Created at 2020-03-30T15:25:35.632
Unexpected IOException with stream: 	at org.openqa.selenium.remote.http.W3CHttpResponseCodec.decode(W3CHttpResponseCodec.java:122)

# Created at 2020-03-30T15:25:35.632
Unexpected IOException with stream: 


# Created at 2020-03-30T15:25:35.633
Unexpected IOException with stream: 	at org.openqa.selenium.remote.http.W3CHttpResponseCodec.decode(W3CHttpResponseCodec.java:49)

# Created at 2020-03-30T15:25:35.633
Unexpected IOException with stream: 


# Created at 2020-03-30T15:25:35.633
Unexpected IOException with stream: 	at org.openqa.selenium.remote.HttpCommandExecutor.execute(HttpCommandExecutor.java:158)

# Created at 2020-03-30T15:25:35.633
Unexpected IOException with stream: 


# Created at 2020-03-30T15:25:35.633
Unexpected IOException with stream: 	at org.openqa.selenium.remote.service.DriverCommandExecutor.execute(DriverCommandExecutor.java:83)

# Created at 2020-03-30T15:25:35.633
Unexpected IOException with stream: 


# Created at 2020-03-30T15:25:35.633
Unexpected IOException with stream: 	at org.openqa.selenium.remote.RemoteWebDriver.execute(RemoteWebDriver.java:552)

# Created at 2020-03-30T15:25:35.634
Unexpected IOException with stream: 


# Created at 2020-03-30T15:25:35.634
Unexpected IOException with stream: 	at org.openqa.selenium.remote.RemoteWebDriver.execute(RemoteWebDriver.java:609)

# Created at 2020-03-30T15:25:35.634
Unexpected IOException with stream: 


# Created at 2020-03-30T15:25:35.635
Unexpected IOException with stream: 	at org.openqa.selenium.remote.RemoteWebDriver.getTitle(RemoteWebDriver.java:281)

# Created at 2020-03-30T15:25:35.635
Unexpected IOException with stream: 


# Created at 2020-03-30T15:25:35.635
Unexpected IOException with stream: 	at stepDefinition.WatchlistFunctionality.User_is_on_the_product_details_page(WatchlistFunctionality.java:25)

# Created at 2020-03-30T15:25:35.636
Unexpected IOException with stream: 


# Created at 2020-03-30T15:25:35.636
Unexpected IOException with stream: 	at ?.Given User is on the product details page(TC4_Watchlist.feature:25)

# Created at 2020-03-30T15:25:35.636
Unexpected IOException with stream: 


# Created at 2020-03-30T15:25:35.637
Unexpected IOException with stream: 


# Created at 2020-03-30T15:25:35.637
Unexpected IOException with stream: org.openqa.selenium.NoSuchWindowException: no such window: target window already closed
from unknown error: web view not found
  (Session info: chrome=80.0.3987.132)
Build info: version: '3.141.59', revision: 'e82be7d358', time: '2018-11-14T08:17:03'
System info: host: 'MSGN12731', ip: '192.168.178.46', os.name: 'Windows 10', os.arch: 'amd64', os.version: '10.0', java.version: '1.8.0_241'
Driver info: org.openqa.selenium.chrome.ChromeDriver
Capabilities {acceptInsecureCerts: false, browserName: chrome, browserVersion: 80.0.3987.132, chrome: {chromedriverVersion: 80.0.3987.106 (f68069574609..., userDataDir: C:\Users\bagaln\AppData\Loc...}, goog:chromeOptions: {debuggerAddress: localhost:61723}, javascriptEnabled: true, networkConnectionEnabled: false, pageLoadStrategy: normal, platform: WINDOWS, platformName: WINDOWS, proxy: Proxy(), setWindowRect: true, strictFileInteractability: false, timeouts: {implicit: 0, pageLoad: 300000, script: 30000}, unhandledPromptBehavior: dismiss and notify}
Session ID: 678d1336bb4b9e37782bcedb13205221

# Created at 2020-03-30T15:25:35.637
Unexpected IOException with stream: 


# Created at 2020-03-30T15:25:35.638
Unexpected IOException with stream: 	at sun.reflect.NativeConstructorAccessorImpl.newInstance0(Native Method)

# Created at 2020-03-30T15:25:35.638
Unexpected IOException with stream: 


# Created at 2020-03-30T15:25:35.638
Unexpected IOException with stream: 	at sun.reflect.NativeConstructorAccessorImpl.newInstance(NativeConstructorAccessorImpl.java:62)

# Created at 2020-03-30T15:25:35.639
Unexpected IOException with stream: 


# Created at 2020-03-30T15:25:35.639
Unexpected IOException with stream: 	at sun.reflect.DelegatingConstructorAccessorImpl.newInstance(DelegatingConstructorAccessorImpl.java:45)

# Created at 2020-03-30T15:25:35.639
Unexpected IOException with stream: 


# Created at 2020-03-30T15:25:35.639
Unexpected IOException with stream: 	at java.lang.reflect.Constructor.newInstance(Constructor.java:423)

# Created at 2020-03-30T15:25:35.640
Unexpected IOException with stream: 


# Created at 2020-03-30T15:25:35.640
Unexpected IOException with stream: 	at org.openqa.selenium.remote.http.W3CHttpResponseCodec.createException(W3CHttpResponseCodec.java:187)

# Created at 2020-03-30T15:25:35.640
Unexpected IOException with stream: 


# Created at 2020-03-30T15:25:35.641
Unexpected IOException with stream: 	at org.openqa.selenium.remote.http.W3CHttpResponseCodec.decode(W3CHttpResponseCodec.java:122)

# Created at 2020-03-30T15:25:35.641
Unexpected IOException with stream: 


# Created at 2020-03-30T15:25:35.641
Unexpected IOException with stream: 	at org.openqa.selenium.remote.http.W3CHttpResponseCodec.decode(W3CHttpResponseCodec.java:49)

# Created at 2020-03-30T15:25:35.642
Unexpected IOException with stream: 


# Created at 2020-03-30T15:25:35.642
Unexpected IOException with stream: 	at org.openqa.selenium.remote.HttpCommandExecutor.execute(HttpCommandExecutor.java:158)

# Created at 2020-03-30T15:25:35.642
Unexpected IOException with stream: 


# Created at 2020-03-30T15:25:35.643
Unexpected IOException with stream: 	at org.openqa.selenium.remote.service.DriverCommandExecutor.execute(DriverCommandExecutor.java:83)

# Created at 2020-03-30T15:25:35.643
Unexpected IOException with stream: 


# Created at 2020-03-30T15:25:35.644
Unexpected IOException with stream: 	at org.openqa.selenium.remote.RemoteWebDriver.execute(RemoteWebDriver.java:552)

# Created at 2020-03-30T15:25:35.644
Unexpected IOException with stream: 


# Created at 2020-03-30T15:25:35.644
Unexpected IOException with stream: 	at org.openqa.selenium.remote.RemoteWebDriver.execute(RemoteWebDriver.java:609)

# Created at 2020-03-30T15:25:35.645
Unexpected IOException with stream: 


# Created at 2020-03-30T15:25:35.645
Unexpected IOException with stream: 	at org.openqa.selenium.remote.RemoteWebDriver.getTitle(RemoteWebDriver.java:281)

# Created at 2020-03-30T15:25:35.646
Unexpected IOException with stream: 


# Created at 2020-03-30T15:25:35.646
Unexpected IOException with stream: 	at stepDefinition.WatchlistFunctionality.User_is_on_the_product_details_page(WatchlistFunctionality.java:25)

# Created at 2020-03-30T15:25:35.646
Unexpected IOException with stream: 


# Created at 2020-03-30T15:25:35.646
Unexpected IOException with stream: 	at ?.Given User is on the product details page(TC5_ProductSliders.feature:24)

# Created at 2020-03-30T15:25:35.647
Unexpected IOException with stream: 


# Created at 2020-03-30T15:25:35.647
Unexpected IOException with stream: 


# Created at 2020-03-30T15:25:35.648
Unexpected IOException with stream: org.openqa.selenium.NoSuchWindowException: no such window: target window already closed
from unknown error: web view not found
  (Session info: chrome=80.0.3987.132)
Build info: version: '3.141.59', revision: 'e82be7d358', time: '2018-11-14T08:17:03'
System info: host: 'MSGN12731', ip: '192.168.178.46', os.name: 'Windows 10', os.arch: 'amd64', os.version: '10.0', java.version: '1.8.0_241'
Driver info: org.openqa.selenium.chrome.ChromeDriver
Capabilities {acceptInsecureCerts: false, browserName: chrome, browserVersion: 80.0.3987.132, chrome: {chromedriverVersion: 80.0.3987.106 (f68069574609..., userDataDir: C:\Users\bagaln\AppData\Loc...}, goog:chromeOptions: {debuggerAddress: localhost:61723}, javascriptEnabled: true, networkConnectionEnabled: false, pageLoadStrategy: normal, platform: WINDOWS, platformName: WINDOWS, proxy: Proxy(), setWindowRect: true, strictFileInteractability: false, timeouts: {implicit: 0, pageLoad: 300000, script: 30000}, unhandledPromptBehavior: dismiss and notify}
Session ID: 678d1336bb4b9e37782bcedb13205221

# Created at 2020-03-30T15:25:35.648
Unexpected IOException with stream: 


# Created at 2020-03-30T15:25:35.648
Unexpected IOException with stream: 	at sun.reflect.NativeConstructorAccessorImpl.newInstance0(Native Method)

# Created at 2020-03-30T15:25:35.649
Unexpected IOException with stream: 


# Created at 2020-03-30T15:25:35.649
Unexpected IOException with stream: 	at sun.reflect.NativeConstructorAccessorImpl.newInstance(NativeConstructorAccessorImpl.java:62)

# Created at 2020-03-30T15:25:35.649
Unexpected IOException with stream: 


# Created at 2020-03-30T15:25:35.650
Unexpected IOException with stream: 	at sun.reflect.DelegatingConstructorAccessorImpl.newInstance(DelegatingConstructorAccessorImpl.java:45)

# Created at 2020-03-30T15:25:35.650
Unexpected IOException with stream: 


# Created at 2020-03-30T15:25:35.650
Unexpected IOException with stream: 	at java.lang.reflect.Constructor.newInstance(Constructor.java:423)

# Created at 2020-03-30T15:25:35.651
Unexpected IOException with stream: 


# Created at 2020-03-30T15:25:35.651
Unexpected IOException with stream: 	at org.openqa.selenium.remote.http.W3CHttpResponseCodec.createException(W3CHttpResponseCodec.java:187)

# Created at 2020-03-30T15:25:35.651
Unexpected IOException with stream: 


# Created at 2020-03-30T15:25:35.652
Unexpected IOException with stream: 	at org.openqa.selenium.remote.http.W3CHttpResponseCodec.decode(W3CHttpResponseCodec.java:122)

# Created at 2020-03-30T15:25:35.652
Unexpected IOException with stream: 


# Created at 2020-03-30T15:25:35.652
Unexpected IOException with stream: 	at org.openqa.selenium.remote.http.W3CHttpResponseCodec.decode(W3CHttpResponseCodec.java:49)

# Created at 2020-03-30T15:25:35.653
Unexpected IOException with stream: 


# Created at 2020-03-30T15:25:35.653
Unexpected IOException with stream: 	at org.openqa.selenium.remote.HttpCommandExecutor.execute(HttpCommandExecutor.java:158)

# Created at 2020-03-30T15:25:35.653
Unexpected IOException with stream: 


# Created at 2020-03-30T15:25:35.654
Unexpected IOException with stream: 	at org.openqa.selenium.remote.service.DriverCommandExecutor.execute(DriverCommandExecutor.java:83)

# Created at 2020-03-30T15:25:35.654
Unexpected IOException with stream: 


# Created at 2020-03-30T15:25:35.654
Unexpected IOException with stream: 	at org.openqa.selenium.remote.RemoteWebDriver.execute(RemoteWebDriver.java:552)

# Created at 2020-03-30T15:25:35.655
Unexpected IOException with stream: 


# Created at 2020-03-30T15:25:35.655
Unexpected IOException with stream: 	at org.openqa.selenium.remote.RemoteWebDriver.execute(RemoteWebDriver.java:609)

# Created at 2020-03-30T15:25:35.655
Unexpected IOException with stream: 


# Created at 2020-03-30T15:25:35.656
Unexpected IOException with stream: 	at org.openqa.selenium.remote.RemoteWebDriver.getTitle(RemoteWebDriver.java:281)

# Created at 2020-03-30T15:25:35.656
Unexpected IOException with stream: 


# Created at 2020-03-30T15:25:35.657
Unexpected IOException with stream: 	at stepDefinition.PointsToolTip.User_is_on_the_new_product_details_page(PointsToolTip.java:26)

# Created at 2020-03-30T15:25:35.657
Unexpected IOException with stream: 


# Created at 2020-03-30T15:25:35.657
Unexpected IOException with stream: 	at ?.Given User is on the new product details page(TC6_PointsToolTip.feature:24)

# Created at 2020-03-30T15:25:35.658
Unexpected IOException with stream: 


# Created at 2020-03-30T15:25:35.658
Unexpected IOException with stream: 


# Created at 2020-03-30T15:25:35.658
Unexpected IOException: 2,1,org.apache.maven.surefire.junit4.JUnit4Provider,testRunner.TestRunner,null,null,null


