<?xml version="1.0" encoding="UTF-8"?>
<testsuite xmlns:xsi="http://www.w3.org/2001/XMLSchema-instance" xsi:noNamespaceSchemaLocation="https://maven.apache.org/surefire/maven-surefire-plugin/xsd/surefire-test-report.xsd" name="testRunner.TestRunner" time="256.039" tests="69" errors="0" skipped="0" failures="0">
  <properties>
[...]
</properties>
  <testcase name="Given User is in the check24.de website" classname="Scenario: Login to Check24 page and verify user details" time="0.008"/>
  <testcase name="When User clicks on the Anmelden button and enters the username and password" classname="Scenario: Login to Check24 page and verify user details" time="0"/>
  <testcase name="And User clicks on the Anmelden button" classname="Scenario: Login to Check24 page and verify user details" time="0"/>
  <testcase name="Then User is navigated to the account page" classname="Scenario: Login to Check24 page and verify user details" time="0"/>
  <testcase name="And User sees his details" classname="Scenario: Login to Check24 page and verify user details" time="0"/>
  <testcase name="When User hovers above the &quot;Mein Konto&quot;" classname="Scenario: Login to Check24 page and verify user details" time="0"/>
  <testcase name="And User clicks on the &quot;Abmelden&quot; button" classname="Scenario: Login to Check24 page and verify user details" time="0"/>
  <testcase name="Then User should be successfully logged out" classname="Scenario: Login to Check24 page and verify user details" time="0"/>
  <testcase name="Scenario: Login to Check24 page and verify user details" classname="Scenario: Login to Check24 page and verify user details" time="0.001"/>
  <testcase name="Given User is in the check24.de website" classname="Scenario: Login to Check24 page and verify shopping cart scenario" time="0"/>
  <testcase name="When User clicks on the Anmelden button and enters the username and password" classname="Scenario: Login to Check24 page and verify shopping cart scenario" time="0"/>
  <testcase name="And User clicks on the Anmelden button" classname="Scenario: Login to Check24 page and verify shopping cart scenario" time="0"/>
  <testcase name="Then User is navigated to the account page" classname="Scenario: Login to Check24 page and verify shopping cart scenario" time="0"/>
  <testcase name="When User search for &quot;Iphone 11&quot; in the search box" classname="Scenario: Login to Check24 page and verify shopping cart scenario" time="0"/>
  <testcase name="And User selects the desired model from the result list" classname="Scenario: Login to Check24 page and verify shopping cart scenario" time="0"/>
  <testcase name="Then User is navigated to the Iphone model details page" classname="Scenario: Login to Check24 page and verify shopping cart scenario" time="0"/>
  <testcase name="When User clicks on the the button &quot;In den Warenkorb&quot;" classname="Scenario: Login to Check24 page and verify shopping cart scenario" time="0"/>
  <testcase name="Then User sees a popup message that the product is added in the Shopping cart" classname="Scenario: Login to Check24 page and verify shopping cart scenario" time="0"/>
  <testcase name="When User clicks on the &quot;Warenkorb&quot; link" classname="Scenario: Login to Check24 page and verify shopping cart scenario" time="0"/>
  <testcase name="Then User is navigated to the Shopping cart page" classname="Scenario: Login to Check24 page and verify shopping cart scenario" time="0"/>
  <testcase name="And User is able to see the base price,shipping price and quantity" classname="Scenario: Login to Check24 page and verify shopping cart scenario" time="0"/>
  <testcase name="When User hovers above the &quot;Mein Konto&quot; on Product details page" classname="Scenario: Login to Check24 page and verify shopping cart scenario" time="0"/>
  <testcase name="And User clicks on the &quot;Abmelden&quot; button" classname="Scenario: Login to Check24 page and verify shopping cart scenario" time="0"/>
  <testcase name="Then User should be successfully logged out and shopping cart page is displayed" classname="Scenario: Login to Check24 page and verify shopping cart scenario" time="0"/>
  <testcase name="Scenario: Login to Check24 page and verify shopping cart scenario" classname="Scenario: Login to Check24 page and verify shopping cart scenario" time="0.001"/>
  <testcase name="Given User is in the check24.de website" classname="Scenario: Shipping cost toggle product detail page and verify if the shipping cost is added correctly" time="0"/>
  <testcase name="When User clicks on the Anmelden button and enters the username and password" classname="Scenario: Shipping cost toggle product detail page and verify if the shipping cost is added correctly" time="0.001"/>
  <testcase name="And User clicks on the Anmelden button" classname="Scenario: Shipping cost toggle product detail page and verify if the shipping cost is added correctly" time="0"/>
  <testcase name="Then User is navigated to the account page" classname="Scenario: Shipping cost toggle product detail page and verify if the shipping cost is added correctly" time="0"/>
  <testcase name="When User hovers on the Listen and clicks on the Artikel link" classname="Scenario: Shipping cost toggle product detail page and verify if the shipping cost is added correctly" time="0"/>
  <testcase name="Then User is navigated to the Shopping cart page" classname="Scenario: Shipping cost toggle product detail page and verify if the shipping cost is added correctly" time="0"/>
  <testcase name="When User clicks on the selected product" classname="Scenario: Shipping cost toggle product detail page and verify if the shipping cost is added correctly" time="0"/>
  <testcase name="Then User is navigated to the product details page" classname="Scenario: Shipping cost toggle product detail page and verify if the shipping cost is added correctly" time="0"/>
  <testcase name="When User toggle off the button" classname="Scenario: Shipping cost toggle product detail page and verify if the shipping cost is added correctly" time="0"/>
  <testcase name="Then User verifies the price displayed and shipping cost" classname="Scenario: Shipping cost toggle product detail page and verify if the shipping cost is added correctly" time="0"/>
  <testcase name="When User toggle on the button" classname="Scenario: Shipping cost toggle product detail page and verify if the shipping cost is added correctly" time="0"/>
  <testcase name="Then User again verifies for the price change and shipping cost added" classname="Scenario: Shipping cost toggle product detail page and verify if the shipping cost is added correctly" time="0"/>
  <testcase name="When User hovers above the &quot;Mein Konto&quot; on Product details page" classname="Scenario: Shipping cost toggle product detail page and verify if the shipping cost is added correctly" time="0"/>
  <testcase name="And User clicks on the &quot;Abmelden&quot; button" classname="Scenario: Shipping cost toggle product detail page and verify if the shipping cost is added correctly" time="0"/>
  <testcase name="Then User should be successfully logged out and product detail page is displayed" classname="Scenario: Shipping cost toggle product detail page and verify if the shipping cost is added correctly" time="0"/>
  <testcase name="Scenario: Shipping cost toggle product detail page and verify if the shipping cost is added correctly" classname="Scenario: Shipping cost toggle product detail page and verify if the shipping cost is added correctly" time="0.002"/>
  <testcase name="Given User is in the check24.de website" classname="Scenario: Put item to watchlist and verify prices and shipping cost" time="0"/>
  <testcase name="When User clicks on the Anmelden button and enters the username and password" classname="Scenario: Put item to watchlist and verify prices and shipping cost" time="0"/>
  <testcase name="And User clicks on the Anmelden button" classname="Scenario: Put item to watchlist and verify prices and shipping cost" time="0"/>
  <testcase name="Then User is navigated to the account page" classname="Scenario: Put item to watchlist and verify prices and shipping cost" time="0"/>
  <testcase name="When User hovers on the Listen and clicks on the Artikel link" classname="Scenario: Put item to watchlist and verify prices and shipping cost" time="0"/>
  <testcase name="Then User is navigated to the Shopping cart page" classname="Scenario: Put item to watchlist and verify prices and shipping cost" time="0"/>
  <testcase name="When User clicks on the selected product" classname="Scenario: Put item to watchlist and verify prices and shipping cost" time="0"/>
  <testcase name="Then User is navigated to the product details page" classname="Scenario: Put item to watchlist and verify prices and shipping cost" time="0"/>
  <testcase name="Then User is navigated to the product details page" classname="Scenario: Put item to watchlist and verify prices and shipping cost" time="0"/>
  <testcase name="When User adds the product by clicking on the &quot;Produkt merken&quot; watchlist link" classname="Scenario: Put item to watchlist and verify prices and shipping cost" time="0"/>
  <testcase name="And User clicks on the &quot;Merkzettel&quot; link on the top" classname="Scenario: Put item to watchlist and verify prices and shipping cost" time="0"/>
  <testcase name="Then User is able to see the added favourite product in the watchlist" classname="Scenario: Put item to watchlist and verify prices and shipping cost" time="0"/>
  <testcase name="When User clicks on the product in the watchlist" classname="Scenario: Put item to watchlist and verify prices and shipping cost" time="0"/>
  <testcase name="And User is able to verify the prices and shipping cost" classname="Scenario: Put item to watchlist and verify prices and shipping cost" time="0"/>
  <testcase name="Scenario: Put item to watchlist and verify prices and shipping cost" classname="Scenario: Put item to watchlist and verify prices and shipping cost" time="0"/>
  <testcase name="Given User is on the product details page(Scenario: Interaction of product sliders " classname="Arrows are working, products are clickable, prices are displayed the same after redirection)" time="0"/>
  <testcase name="When User clicks on the right slider arrow button(Scenario: Interaction of product sliders " classname="Arrows are working, products are clickable, prices are displayed the same after redirection)" time="0"/>
  <testcase name="Then User verifies that the left arrow button is enabled(Scenario: Interaction of product sliders " classname="Arrows are working, products are clickable, prices are displayed the same after redirection)" time="0"/>
  <testcase name="When User clicks on any product(Scenario: Interaction of product sliders " classname="Arrows are working, products are clickable, prices are displayed the same after redirection)" time="0"/>
  <testcase name="Then User should be navigated to the product details page(Scenario: Interaction of product sliders " classname="Arrows are working, products are clickable, prices are displayed the same after redirection)" time="0"/>
  <testcase name="And User should be able to see the same price which was displayed in the previous page(Scenario: Interaction of product sliders " classname="Arrows are working, products are clickable, prices are displayed the same after redirection)" time="0"/>
  <testcase name="Scenario: Interaction of product sliders " classname="Arrows are working, products are clickable, prices are displayed the same after redirection" time="0"/>
  <testcase name="Given User is on the new product details page" classname="Scenario: Voucher/Points at Product Detail Page" time="0"/>
  <testcase name="When User hovers above the Points tool tip in the product detail page" classname="Scenario: Voucher/Points at Product Detail Page" time="0"/>
  <testcase name="Then User should be able to verify the points details" classname="Scenario: Voucher/Points at Product Detail Page" time="0"/>
  <testcase name="When User hovers above the &quot;Mein Konto&quot; on Product details page" classname="Scenario: Voucher/Points at Product Detail Page" time="0"/>
  <testcase name="And User clicks on the &quot;Abmelden&quot; button" classname="Scenario: Voucher/Points at Product Detail Page" time="0"/>
  <testcase name="Scenario: Voucher/Points at Product Detail Page" classname="Scenario: Voucher/Points at Product Detail Page" time="0.001"/>
</testsuite>